2024-10-17 18:39:36,592 [INFO] Activator:176 - 


2024-10-17 18:39:36,593 [INFO] Activator:177 - !SESSION log4j initialized
2024-10-17 18:39:38,917 [ERROR] LogOutputStream:75 - [STDERR_REDIRECT] 
2024-10-17 18:39:41,528 [INFO] LogOutputStream:77 - [STDOUT_REDIRECT] 
2024-10-17 18:39:44,494 [INFO] ApplicationProperties:184 - Using Application install path: /Applications/STM32CubeIDE.app/Contents/Eclipse/plugins/com.st.stm32cube.common.mx_6.12.1.202409122256
2024-10-17 18:39:44,508 [INFO] DbMcusXml:78 - Set database path to: /Applications/STM32CubeIDE.app/Contents/Eclipse/plugins/com.st.stm32cube.common.mx_6.12.1.202409122256//db//mcu/
2024-10-17 18:39:44,508 [INFO] ApiDb:274 - Set plugin database path to: /Applications/STM32CubeIDE.app/Contents/Eclipse/plugins/com.st.stm32cube.common.mx_6.12.1.202409122256//db//plugins/boardmanager/
2024-10-17 18:39:44,508 [WARN] ApiDb:259 - Overriding images path with different value:  => /Applications/STM32CubeIDE.app/Contents/Eclipse/plugins/com.st.stm32cube.common.mx_6.12.1.202409122256//db//plugins/mcufinder/images/
2024-10-17 18:39:44,516 [INFO] ApiDb:250 - Set database path to: /Users/habiburrahman/.stmcufinder/plugins/mcufinder//mcu/
2024-10-17 18:39:44,517 [INFO] DbMcusAds:125 - Set database path to: /Users/habiburrahman/.stmcufinder/plugins/mcufinder//mcu/
2024-10-17 18:39:44,519 [INFO] CrossReferenceDbSqlite:203 - Set database path to: /Users/habiburrahman/.stmcufinder/plugins/mcufinder//mcu/cs/
2024-10-17 18:39:44,657 [INFO] RulesReader:64 - Compatibility file has been processed (297 Rules)
2024-10-17 18:39:44,759 [INFO] DbMcusXml:78 - Set database path to: /Applications/STM32CubeIDE.app/Contents/Eclipse/plugins/com.st.stm32cube.common.mx_6.12.1.202409122256//db//mcu/
2024-10-17 18:39:44,760 [INFO] ApiDb:274 - Set plugin database path to: /Applications/STM32CubeIDE.app/Contents/Eclipse/plugins/com.st.stm32cube.common.mx_6.12.1.202409122256//db//plugins/boardmanager/
2024-10-17 18:39:44,760 [INFO] ApiDb:261 - Set plugin images path to: /Applications/STM32CubeIDE.app/Contents/Eclipse/plugins/com.st.stm32cube.common.mx_6.12.1.202409122256//db//plugins/mcufinder/images/
2024-10-17 18:39:44,760 [WARN] DbFile:41 - Overriding database path with different value: /Users/habiburrahman/.stmcufinder/plugins/mcufinder/ => /Users/habiburrahman/.stmcufinder/plugins/mcufinder
2024-10-17 18:39:44,760 [INFO] ApiDb:250 - Set database path to: /Users/habiburrahman/.stmcufinder/plugins/mcufinder//mcu/
2024-10-17 18:39:44,760 [WARN] DbFile:41 - Overriding database path with different value: /Users/habiburrahman/.stmcufinder/plugins/mcufinder/ => /Users/habiburrahman/.stmcufinder/plugins/mcufinder
2024-10-17 18:39:44,761 [INFO] DbMcusAds:125 - Set database path to: /Users/habiburrahman/.stmcufinder/plugins/mcufinder//mcu/
2024-10-17 18:39:44,761 [WARN] DbFile:41 - Overriding database path with different value: /Users/habiburrahman/.stmcufinder/plugins/mcufinder/ => /Users/habiburrahman/.stmcufinder/plugins/mcufinder
2024-10-17 18:39:44,761 [WARN] DbFile:41 - Overriding database path with different value: /Users/habiburrahman/.stmcufinder/plugins/mcufinder/ => /Users/habiburrahman/.stmcufinder/plugins/mcufinder
2024-10-17 18:39:44,761 [INFO] CrossReferenceDbSqlite:203 - Set database path to: /Users/habiburrahman/.stmcufinder/plugins/mcufinder//mcu/cs/
2024-10-17 18:39:44,855 [INFO] MainPanel:268 - HeapMemory: 268435456
2024-10-17 18:39:45,518 [ERROR] LogOutputStream:75 - [STDERR_REDIRECT] [Fatal Error] :2:10: DOCTYPE is disallowed when the feature "http://apache.org/xml/features/disallow-doctype-decl" set to true.
2024-10-17 18:39:45,521 [ERROR] LogOutputStream:75 - [STDERR_REDIRECT] 
2024-10-17 18:39:45,534 [INFO] DbMcusXml:78 - Set database path to: /Applications/STM32CubeIDE.app/Contents/Eclipse/plugins/com.st.stm32cube.common.mx_6.12.1.202409122256//db//mcu/
2024-10-17 18:39:45,534 [INFO] ApiDb:274 - Set plugin database path to: /Applications/STM32CubeIDE.app/Contents/Eclipse/plugins/com.st.stm32cube.common.mx_6.12.1.202409122256//db//plugins/boardmanager/
2024-10-17 18:39:45,534 [INFO] ApiDb:261 - Set plugin images path to: /Applications/STM32CubeIDE.app/Contents/Eclipse/plugins/com.st.stm32cube.common.mx_6.12.1.202409122256//db//plugins/mcufinder/images/
2024-10-17 18:39:45,534 [WARN] DbFile:41 - Overriding database path with different value: /Users/habiburrahman/.stmcufinder/plugins/mcufinder/ => /Users/habiburrahman/.stmcufinder/plugins/mcufinder
2024-10-17 18:39:45,534 [INFO] ApiDb:250 - Set database path to: /Users/habiburrahman/.stmcufinder/plugins/mcufinder//mcu/
2024-10-17 18:39:45,535 [WARN] DbFile:41 - Overriding database path with different value: /Users/habiburrahman/.stmcufinder/plugins/mcufinder/ => /Users/habiburrahman/.stmcufinder/plugins/mcufinder
2024-10-17 18:39:45,535 [INFO] DbMcusAds:125 - Set database path to: /Users/habiburrahman/.stmcufinder/plugins/mcufinder//mcu/
2024-10-17 18:39:45,535 [WARN] DbFile:41 - Overriding database path with different value: /Users/habiburrahman/.stmcufinder/plugins/mcufinder/ => /Users/habiburrahman/.stmcufinder/plugins/mcufinder
2024-10-17 18:39:45,535 [WARN] DbFile:41 - Overriding database path with different value: /Users/habiburrahman/.stmcufinder/plugins/mcufinder/ => /Users/habiburrahman/.stmcufinder/plugins/mcufinder
2024-10-17 18:39:45,535 [INFO] CrossReferenceDbSqlite:203 - Set database path to: /Users/habiburrahman/.stmcufinder/plugins/mcufinder//mcu/cs/
2024-10-17 18:39:45,567 [INFO] ApplicationProperties:184 - Using Application install path: /Applications/STM32CubeIDE.app/Contents/Eclipse/plugins/com.st.stm32cube.common.mx_6.12.1.202409122256
2024-10-17 18:39:45,568 [INFO] PluginManage:196 - Search for loadable plugins [exclusion list=, ]
2024-10-17 18:39:45,571 [INFO] PluginManage:310 - Check plugin analytics
2024-10-17 18:39:45,817 [INFO] AnalyticsPlugin:253 - Accepted Software Licenses: 
2024-10-17 18:39:45,820 [INFO] AnalyticsPlugin:255 - Accepted CMSIS Pack Licenses: 
2024-10-17 18:39:45,820 [INFO] AnalyticsPlugin:257 - Accepted Firmware Licenses: FW.L4.1.18.0
2024-10-17 18:39:45,846 [INFO] PluginManage:359 - Loaded plugin analytics (category:tool,tabindex:-1)
2024-10-17 18:39:45,848 [INFO] PluginManage:310 - Check plugin cadmodel
2024-10-17 18:39:45,876 [INFO] CADModel:105 - Init CAD model plugin
2024-10-17 18:39:45,876 [INFO] PluginManage:359 - Loaded plugin cadmodel (category:power,tabindex:5)
2024-10-17 18:39:45,877 [INFO] PluginManage:310 - Check plugin clock
2024-10-17 18:39:45,891 [INFO] PluginManage:359 - Loaded plugin clock (category:base,tabindex:2)
2024-10-17 18:39:45,891 [INFO] PluginManage:310 - Check plugin ddr
2024-10-17 18:39:45,896 [INFO] PluginManage:359 - Loaded plugin ddr (category:tool,tabindex:6)
2024-10-17 18:39:45,896 [INFO] PluginManage:310 - Check plugin filemanager
2024-10-17 18:39:46,118 [INFO] PluginManage:359 - Loaded plugin filemanager (category:base,tabindex:10)
2024-10-17 18:39:46,119 [INFO] PluginManage:310 - Check plugin ipmanager
2024-10-17 18:39:46,129 [INFO] PluginManage:359 - Loaded plugin ipmanager (category:base,tabindex:5)
2024-10-17 18:39:46,129 [INFO] PluginManage:310 - Check plugin lpbam
2024-10-17 18:39:46,142 [INFO] PluginManage:359 - Loaded plugin lpbam (category:base,tabindex:0)
2024-10-17 18:39:46,142 [INFO] PluginManage:310 - Check plugin memorymap
2024-10-17 18:39:46,157 [INFO] PluginManage:359 - Loaded plugin memorymap (category:base,tabindex:4)
2024-10-17 18:39:46,157 [INFO] PluginManage:310 - Check plugin pinoutandconfiguration
2024-10-17 18:39:46,164 [INFO] PluginManage:359 - Loaded plugin pinoutandconfiguration (category:base,tabindex:1)
2024-10-17 18:39:46,164 [INFO] PluginManage:310 - Check plugin pinoutconfig
2024-10-17 18:39:46,264 [WARN] SupportedApi:132 - Cannot load RTOS API schema: s4s-elt-must-match.1: The content of 'definitions' must match (annotation?, (simpleType | complexType)?, (unique | key | keyref)*)). A problem was found starting at: attribute.
2024-10-17 18:39:46,418 [INFO] PluginManage:359 - Loaded plugin pinoutconfig (category:base,tabindex:0)
2024-10-17 18:39:46,418 [INFO] PluginManage:310 - Check plugin power
2024-10-17 18:39:46,433 [INFO] PluginManage:359 - Loaded plugin power (category:power,tabindex:4)
2024-10-17 18:39:46,434 [INFO] PluginManage:310 - Check plugin projectmanager
2024-10-17 18:39:46,461 [INFO] PluginManage:359 - Loaded plugin projectmanager (category:projectmanager,tabindex:4)
2024-10-17 18:39:46,461 [INFO] PluginManage:310 - Check plugin rif
2024-10-17 18:39:46,465 [INFO] PluginManage:359 - Loaded plugin rif (category:base,tabindex:3)
2024-10-17 18:39:46,465 [INFO] PluginManage:310 - Check plugin thirdparty
2024-10-17 18:39:46,626 [INFO] PluginManage:359 - Loaded plugin thirdparty (category:base,tabindex:-1)
2024-10-17 18:39:46,626 [INFO] PluginManage:310 - Check plugin tools
2024-10-17 18:39:46,626 [WARN] IntegrityCheckThread:84 - waiting for thirdparty lock release [integrity check]
2024-10-17 18:39:46,629 [INFO] IntegrityCheckThread:86 - entering critical section [integrity check]
2024-10-17 18:39:46,630 [INFO] ThirdPartyUpdaterWithRetryManager:70 - Updater plugin not ready yet. [1/15]
2024-10-17 18:39:46,630 [INFO] PluginManage:359 - Loaded plugin tools (category:base,tabindex:7)
2024-10-17 18:39:46,631 [INFO] PluginManage:310 - Check plugin tutovideos
2024-10-17 18:39:46,795 [INFO] PluginManage:359 - Loaded plugin tutovideos (category:base,tabindex:-1)
2024-10-17 18:39:46,795 [INFO] PluginManage:310 - Check plugin updater
2024-10-17 18:39:46,846 [INFO] PluginManage:359 - Loaded plugin updater (category:base,tabindex:12)
2024-10-17 18:39:46,846 [INFO] PluginManage:310 - Check plugin userauth
2024-10-17 18:39:46,856 [INFO] UserAuth:113 - Init User Auth plugin
2024-10-17 18:39:46,884 [INFO] PluginManage:359 - Loaded plugin userauth (category:base,tabindex:14)
2024-10-17 18:39:46,901 [INFO] PluginManage:283 - PluginManage : Loaded plugins [18]
2024-10-17 18:39:47,236 [INFO] PinOutPanel:1561 - setPackage(No Configuration,No Configuration)
2024-10-17 18:39:47,308 [INFO] CADModel:165 - CPN selected for project level
2024-10-17 18:39:47,308 [INFO] CADModel:114 - Register for checkConnection events
2024-10-17 18:39:47,319 [INFO] IPUIPlugin:80 - create IPUIPlugin
2024-10-17 18:39:47,319 [INFO] PluginManager:220 - loadIPPluginJar : add mdma
2024-10-17 18:39:47,323 [INFO] IPUIPlugin:80 - create IPUIPlugin
2024-10-17 18:39:47,323 [INFO] PluginManager:220 - loadIPPluginJar : add freertos
2024-10-17 18:39:47,326 [INFO] IPUIPlugin:80 - create IPUIPlugin
2024-10-17 18:39:47,326 [INFO] PluginManager:220 - loadIPPluginJar : add gic
2024-10-17 18:39:47,332 [INFO] IPUIPlugin:80 - create IPUIPlugin
2024-10-17 18:39:47,332 [INFO] PluginManager:220 - loadIPPluginJar : add adc
2024-10-17 18:39:47,334 [INFO] IPUIPlugin:80 - create IPUIPlugin
2024-10-17 18:39:47,334 [INFO] PluginManager:220 - loadIPPluginJar : add gtzc
2024-10-17 18:39:47,334 [INFO] IPUIPlugin:80 - create IPUIPlugin
2024-10-17 18:39:47,334 [INFO] PluginManager:220 - loadIPPluginJar : add quadspi
2024-10-17 18:39:47,335 [INFO] IPUIPlugin:80 - create IPUIPlugin
2024-10-17 18:39:47,336 [INFO] PluginManager:220 - loadIPPluginJar : add aes
2024-10-17 18:39:47,337 [INFO] IPUIPlugin:80 - create IPUIPlugin
2024-10-17 18:39:47,337 [INFO] PluginManager:220 - loadIPPluginJar : add pdm2pcm
2024-10-17 18:39:47,338 [INFO] IPUIPlugin:80 - create IPUIPlugin
2024-10-17 18:39:47,338 [INFO] PluginManager:220 - loadIPPluginJar : add hash
2024-10-17 18:39:47,339 [INFO] IPUIPlugin:80 - create IPUIPlugin
2024-10-17 18:39:47,339 [INFO] PluginManager:220 - loadIPPluginJar : add tim
2024-10-17 18:39:47,340 [INFO] IPUIPlugin:80 - create IPUIPlugin
2024-10-17 18:39:47,340 [INFO] PluginManager:220 - loadIPPluginJar : add tsc
2024-10-17 18:39:47,342 [INFO] IPUIPlugin:80 - create IPUIPlugin
2024-10-17 18:39:47,342 [INFO] PluginManager:220 - loadIPPluginJar : add extmemmanager
2024-10-17 18:39:47,345 [INFO] IPUIPlugin:80 - create IPUIPlugin
2024-10-17 18:39:47,345 [INFO] PluginManager:220 - loadIPPluginJar : add ts
2024-10-17 18:39:47,346 [INFO] IPUIPlugin:80 - create IPUIPlugin
2024-10-17 18:39:47,346 [INFO] PluginManager:220 - loadIPPluginJar : add radio
2024-10-17 18:39:47,347 [INFO] IPUIPlugin:80 - create IPUIPlugin
2024-10-17 18:39:47,347 [INFO] PluginManager:220 - loadIPPluginJar : add can
2024-10-17 18:39:47,348 [INFO] IPUIPlugin:80 - create IPUIPlugin
2024-10-17 18:39:47,348 [INFO] PluginManager:220 - loadIPPluginJar : add dma3
2024-10-17 18:39:47,349 [INFO] IPUIPlugin:80 - create IPUIPlugin
2024-10-17 18:39:47,349 [INFO] PluginManager:220 - loadIPPluginJar : add dfsdm
2024-10-17 18:39:47,350 [INFO] IPUIPlugin:80 - create IPUIPlugin
2024-10-17 18:39:47,350 [INFO] PluginManager:220 - loadIPPluginJar : add spi
2024-10-17 18:39:47,351 [INFO] IPUIPlugin:80 - create IPUIPlugin
2024-10-17 18:39:47,351 [INFO] PluginManager:220 - loadIPPluginJar : add gfxmmu
2024-10-17 18:39:47,353 [INFO] IPUIPlugin:80 - create IPUIPlugin
2024-10-17 18:39:47,353 [INFO] PluginManager:220 - loadIPPluginJar : add genericplugin
2024-10-17 18:39:47,354 [INFO] IPUIPlugin:80 - create IPUIPlugin
2024-10-17 18:39:47,354 [INFO] PluginManager:220 - loadIPPluginJar : add cryp
2024-10-17 18:39:47,358 [INFO] IPUIPlugin:80 - create IPUIPlugin
2024-10-17 18:39:47,358 [INFO] PluginManager:220 - loadIPPluginJar : add gpio
2024-10-17 18:39:47,360 [INFO] IPUIPlugin:80 - create IPUIPlugin
2024-10-17 18:39:47,360 [INFO] PluginManager:220 - loadIPPluginJar : add ddr_ctrl_phy
2024-10-17 18:39:47,361 [INFO] IPUIPlugin:80 - create IPUIPlugin
2024-10-17 18:39:47,361 [INFO] PluginManager:220 - loadIPPluginJar : add comp
2024-10-17 18:39:47,362 [INFO] IPUIPlugin:80 - create IPUIPlugin
2024-10-17 18:39:47,362 [INFO] PluginManager:220 - loadIPPluginJar : add tracer_emb
2024-10-17 18:39:47,363 [INFO] IPUIPlugin:80 - create IPUIPlugin
2024-10-17 18:39:47,363 [INFO] PluginManager:220 - loadIPPluginJar : add openamp
2024-10-17 18:39:47,366 [INFO] IPUIPlugin:80 - create IPUIPlugin
2024-10-17 18:39:47,366 [INFO] PluginManager:220 - loadIPPluginJar : add stm32_wpan
2024-10-17 18:39:47,369 [INFO] IPUIPlugin:80 - create IPUIPlugin
2024-10-17 18:39:47,373 [INFO] PluginManager:220 - loadIPPluginJar : add plateformsettings
2024-10-17 18:39:47,375 [INFO] IPUIPlugin:80 - create IPUIPlugin
2024-10-17 18:39:47,375 [INFO] PluginManager:220 - loadIPPluginJar : add ipddr
2024-10-17 18:39:47,377 [INFO] IPUIPlugin:80 - create IPUIPlugin
2024-10-17 18:39:47,377 [INFO] PluginManager:220 - loadIPPluginJar : add usart
2024-10-17 18:39:47,377 [INFO] IPUIPlugin:80 - create IPUIPlugin
2024-10-17 18:39:47,377 [INFO] PluginManager:220 - loadIPPluginJar : add ltdc
2024-10-17 18:39:47,379 [INFO] IPUIPlugin:80 - create IPUIPlugin
2024-10-17 18:39:47,379 [INFO] PluginManager:220 - loadIPPluginJar : add nvic
2024-10-17 18:39:47,380 [INFO] IPUIPlugin:80 - create IPUIPlugin
2024-10-17 18:39:47,380 [INFO] PluginManager:220 - loadIPPluginJar : add fatfs
2024-10-17 18:39:47,385 [INFO] IPUIPlugin:80 - create IPUIPlugin
2024-10-17 18:39:47,385 [INFO] PluginManager:220 - loadIPPluginJar : add linkedlist
2024-10-17 18:39:47,388 [INFO] IPUIPlugin:80 - create IPUIPlugin
2024-10-17 18:39:47,389 [INFO] PluginManager:220 - loadIPPluginJar : add dma
2024-10-17 18:39:47,391 [INFO] IPUIPlugin:80 - create IPUIPlugin
2024-10-17 18:39:47,391 [INFO] PluginManager:220 - loadIPPluginJar : add fmc
2024-10-17 18:39:47,393 [INFO] IPUIPlugin:80 - create IPUIPlugin
2024-10-17 18:39:47,393 [INFO] PluginManager:220 - loadIPPluginJar : add i2s
2024-10-17 18:39:47,394 [INFO] IPUIPlugin:80 - create IPUIPlugin
2024-10-17 18:39:47,395 [INFO] PluginManager:220 - loadIPPluginJar : add ucpd
2024-10-17 18:39:47,397 [INFO] IPUIPlugin:80 - create IPUIPlugin
2024-10-17 18:39:47,397 [INFO] PluginManager:220 - loadIPPluginJar : add lorawan
2024-10-17 18:39:47,399 [INFO] IPUIPlugin:80 - create IPUIPlugin
2024-10-17 18:39:47,399 [INFO] PluginManager:220 - loadIPPluginJar : add opamp
2024-10-17 18:39:47,400 [INFO] IPUIPlugin:80 - create IPUIPlugin
2024-10-17 18:39:47,400 [INFO] PluginManager:220 - loadIPPluginJar : add i3c
2024-10-17 18:39:47,403 [INFO] IPUIPlugin:80 - create IPUIPlugin
2024-10-17 18:39:47,404 [INFO] PluginManager:220 - loadIPPluginJar : add touchsensing
2024-10-17 18:39:47,406 [INFO] IPUIPlugin:80 - create IPUIPlugin
2024-10-17 18:39:47,407 [INFO] PluginManager:220 - loadIPPluginJar : add i2c
2024-10-17 18:39:47,409 [INFO] IPUIPlugin:80 - create IPUIPlugin
2024-10-17 18:39:47,409 [INFO] PluginManager:220 - loadIPPluginJar : add resmgrutility
2024-10-17 18:39:47,410 [INFO] IPUIPlugin:80 - create IPUIPlugin
2024-10-17 18:39:47,410 [INFO] PluginManager:220 - loadIPPluginJar : add sai
2024-10-17 18:39:47,412 [INFO] IPUIPlugin:80 - create IPUIPlugin
2024-10-17 18:39:47,412 [INFO] PluginManager:220 - loadIPPluginJar : add usbx
2024-10-17 18:39:47,522 [INFO] CADModel:165 - CPN selected for project level
2024-10-17 18:39:47,522 [INFO] CADModel:114 - Register for checkConnection events
2024-10-17 18:39:47,522 [FATAL] Updater:334 - Updater called before beeing initialized
2024-10-17 18:39:47,522 [ERROR] CADModel:125 - Updater not yet initialized, retry later 
2024-10-17 18:39:47,756 [INFO] CADModel:165 - CPN selected for project level
2024-10-17 18:39:47,756 [INFO] CADModel:114 - Register for checkConnection events
2024-10-17 18:39:47,756 [FATAL] Updater:334 - Updater called before beeing initialized
2024-10-17 18:39:47,756 [ERROR] CADModel:125 - Updater not yet initialized, retry later 
2024-10-17 18:39:47,759 [FATAL] Updater:334 - Updater called before beeing initialized
2024-10-17 18:39:47,918 [FATAL] Updater:334 - Updater called before beeing initialized
2024-10-17 18:39:47,923 [INFO] DbMcusAds:53 - JSON generation date=Thu Sep 30 08:55:09 CEST 2021 (1632984909247)
2024-10-17 18:39:47,923 [FATAL] Updater:334 - Updater called before beeing initialized
2024-10-17 18:39:48,000 [WARN] DetailPanel:346 - Failed to get advertising image, set to default
2024-10-17 18:39:48,068 [FATAL] Updater:334 - Updater called before beeing initialized
2024-10-17 18:39:48,069 [FATAL] Updater:334 - Updater called before beeing initialized
2024-10-17 18:39:48,070 [FATAL] Updater:334 - Updater called before beeing initialized
2024-10-17 18:39:48,070 [WARN] DetailPanel:346 - Failed to get advertising image, set to default
2024-10-17 18:39:48,070 [FATAL] Updater:334 - Updater called before beeing initialized
2024-10-17 18:39:48,148 [ERROR] Updater:1164 - MainUpdater not yet initialized. External WinMGr cannot be set.
2024-10-17 18:39:48,154 [INFO] Updater:1100 - Updater Version found : 6.12.1
2024-10-17 18:39:48,168 [INFO] ApplicationProperties:184 - Using Application install path: /Applications/STM32CubeIDE.app/Contents/Eclipse/plugins/com.st.stm32cube.common.mx_6.12.1.202409122256
2024-10-17 18:39:48,557 [INFO] MainUpdater:2873 - connection check result : 10
2024-10-17 18:39:48,558 [INFO] MainUpdater:3567 - Updater definition file requires update
2024-10-17 18:39:48,558 [INFO] MainUpdater:290 - Updater Check For Update Now.
2024-10-17 18:39:48,558 [INFO] MicroXplorer:498 - Change Database Version : DB.6.0.121
2024-10-17 18:39:48,563 [INFO] McuFinderGlobals:63 - Set McuFinder mode to 2 (CubeIDE integrated)
2024-10-17 18:39:48,565 [INFO] UserAuth:417 - Internet connection configuration mode: 1
2024-10-17 18:39:48,576 [INFO] JxBrowserEngine:152 - Initiate JxBrowser Engine with user profile folder
2024-10-17 18:39:48,635 [INFO] ServerAccessManage:473 - Download File updaters.zip
2024-10-17 18:39:48,776 [INFO] FileExtend:240 - Unzip File : updaters.zip
2024-10-17 18:39:48,777 [INFO] FileExtend:255 - Standard Zip Deflate
2024-10-17 18:39:49,049 [INFO] ServerAccessManage:473 - Download File PacksControlFlags.xml
2024-10-17 18:39:49,180 [INFO] ServerAccessManage:473 - Download File cubemx.pidx
2024-10-17 18:39:49,357 [INFO] LoadServerUpdatesThread:375 - End of LoadServerUpdate Thread
2024-10-17 18:39:49,566 [INFO] CheckServerUpdateThread:120 - End of CheckServer Thread
2024-10-17 18:39:49,817 [WARN] PackLoader:240 - Cannot read IP mode file for STMicroelectronics.FP-SNS-MOTENVWB1.1.4.0
2024-10-17 18:39:49,847 [WARN] PackLoader:240 - Cannot read IP mode file for STMicroelectronics.X-CUBE-SMBUS.2.1.0
2024-10-17 18:39:49,868 [WARN] PackLoader:240 - Cannot read IP mode file for STMicroelectronics.X-CUBE-WB05N.1.1.0
2024-10-17 18:39:49,966 [WARN] PackLoader:240 - Cannot read IP mode file for STMicroelectronics.X-CUBE-AZRTOS-F7.1.1.0
2024-10-17 18:39:50,214 [WARN] PackLoader:240 - Cannot read IP mode file for STMicroelectronics.X-CUBE-MEMS1.11.0.0
2024-10-17 18:39:50,555 [WARN] PackLoader:240 - Cannot read IP mode file for STMicroelectronics.FP-SNS-FLIGHT1.5.0.2
2024-10-17 18:39:50,612 [WARN] PackLoader:240 - Cannot read IP mode file for STMicroelectronics.X-CUBE-DISPLAY.3.0.0
2024-10-17 18:39:50,672 [WARN] PackLoader:240 - Cannot read IP mode file for STMicroelectronics.X-CUBE-BLE1.7.0.0
2024-10-17 18:39:50,693 [WARN] PackLoader:240 - Cannot read IP mode file for STMicroelectronics.X-CUBE-NFC10.1.0.0
2024-10-17 18:39:50,715 [WARN] PackLoader:240 - Cannot read IP mode file for emotas.I-CUBE-CANOPEN.1.3.0
2024-10-17 18:39:50,740 [WARN] PackLoader:240 - Cannot read IP mode file for STMicroelectronics.X-CUBE-BLEMGR.3.1.0
2024-10-17 18:39:50,750 [WARN] PackLoader:240 - Cannot read IP mode file for STMicroelectronics.FP-SNS-SMARTAG2.1.2.0
2024-10-17 18:39:50,766 [INFO] LogOutputStream:77 - [STDOUT_REDIRECT] 1 : Invalid condition id : UX_CORESTACK_Condition cause : null
2024-10-17 18:39:50,768 [INFO] LogOutputStream:77 - [STDOUT_REDIRECT] 1 : Invalid condition id : UX_CORESTACK_Condition cause : null
2024-10-17 18:39:50,769 [INFO] LogOutputStream:77 - [STDOUT_REDIRECT] 1 : Invalid condition id : UX_CORESTACK_Condition cause : null
2024-10-17 18:39:50,769 [INFO] LogOutputStream:77 - [STDOUT_REDIRECT] 1 : Invalid condition id : UX_CORESTACK_Condition cause : null
2024-10-17 18:39:50,769 [INFO] LogOutputStream:77 - [STDOUT_REDIRECT] 1 : Invalid condition id : UX_CORESTACK_Condition cause : null
2024-10-17 18:39:50,776 [WARN] PackLoader:240 - Cannot read IP mode file for STMicroelectronics.X-CUBE-AZRTOS-WL.2.0.0
2024-10-17 18:39:50,785 [WARN] PackLoader:240 - Cannot read IP mode file for STMicroelectronics.FP-SNS-MOTENV1.5.0.0
2024-10-17 18:39:50,789 [WARN] PackLoader:240 - Cannot read IP mode file for wolfSSL.I-CUBE-wolfMQTT.1.19.0
2024-10-17 18:39:50,806 [WARN] PackLoader:240 - Cannot read IP mode file for WES.I-CUBE-Cesium.1.3.0
2024-10-17 18:39:50,811 [WARN] PackLoader:240 - Cannot read IP mode file for STMicroelectronics.X-CUBE-BLE2.3.3.0
2024-10-17 18:39:50,823 [WARN] PackLoader:240 - Cannot read IP mode file for STMicroelectronics.X-CUBE-NFC9.1.0.0
2024-10-17 18:39:50,831 [WARN] PackLoader:240 - Cannot read IP mode file for STMicroelectronics.X-CUBE-TCPP.4.1.0
2024-10-17 18:39:50,854 [WARN] PackLoader:240 - Cannot read IP mode file for STMicroelectronics.X-CUBE-AZRTOS-G0.1.1.0
2024-10-17 18:39:50,867 [WARN] PackLoader:240 - Cannot read IP mode file for STMicroelectronics.X-CUBE-SAFEA1.1.2.2
2024-10-17 18:39:50,876 [WARN] PackLoader:240 - Cannot read IP mode file for STMicroelectronics.X-CUBE-NFC4.3.0.0
2024-10-17 18:39:50,894 [WARN] PackLoader:240 - Cannot read IP mode file for EmbeddedOffice.I-CUBE-FS-RTOS.1.0.1
2024-10-17 18:39:50,897 [ERROR] ConditionMgr:805 - Attr not supported : Dmpu
2024-10-17 18:39:50,899 [ERROR] ConditionMgr:805 - Attr not supported : Dmpu
2024-10-17 18:39:50,900 [ERROR] ConditionMgr:805 - Attr not supported : Dmpu
2024-10-17 18:39:50,900 [ERROR] ConditionMgr:805 - Attr not supported : Dmpu
2024-10-17 18:39:50,900 [ERROR] ConditionMgr:805 - Attr not supported : Dmpu
2024-10-17 18:39:50,900 [ERROR] ConditionMgr:805 - Attr not supported : Dmpu
2024-10-17 18:39:50,900 [ERROR] ConditionMgr:805 - Attr not supported : Dmpu
2024-10-17 18:39:50,900 [ERROR] ConditionMgr:805 - Attr not supported : Dmpu
2024-10-17 18:39:50,901 [ERROR] ConditionMgr:805 - Attr not supported : Dmpu
2024-10-17 18:39:50,901 [ERROR] ConditionMgr:805 - Attr not supported : Dmpu
2024-10-17 18:39:50,901 [ERROR] ConditionMgr:805 - Attr not supported : Dmpu
2024-10-17 18:39:50,901 [ERROR] ConditionMgr:805 - Attr not supported : Dmpu
2024-10-17 18:39:50,901 [ERROR] ConditionMgr:805 - Attr not supported : Dmpu
2024-10-17 18:39:50,902 [ERROR] ConditionMgr:805 - Attr not supported : Dmpu
2024-10-17 18:39:50,902 [ERROR] ConditionMgr:805 - Attr not supported : Dmpu
2024-10-17 18:39:50,902 [ERROR] ConditionMgr:805 - Attr not supported : Dmpu
2024-10-17 18:39:50,902 [ERROR] ConditionMgr:805 - Attr not supported : Dmpu
2024-10-17 18:39:50,902 [ERROR] ConditionMgr:805 - Attr not supported : Dmpu
2024-10-17 18:39:50,902 [ERROR] ConditionMgr:805 - Attr not supported : Dmpu
2024-10-17 18:39:50,902 [ERROR] ConditionMgr:805 - Attr not supported : Dmpu
2024-10-17 18:39:50,902 [ERROR] ConditionMgr:805 - Attr not supported : Dmpu
2024-10-17 18:39:50,902 [ERROR] ConditionMgr:805 - Attr not supported : Dmpu
2024-10-17 18:39:50,902 [ERROR] ConditionMgr:805 - Attr not supported : Dmpu
2024-10-17 18:39:50,902 [ERROR] ConditionMgr:805 - Attr not supported : Dmpu
2024-10-17 18:39:50,903 [ERROR] ConditionMgr:805 - Attr not supported : Dmpu
2024-10-17 18:39:50,903 [ERROR] ConditionMgr:805 - Attr not supported : Dmpu
2024-10-17 18:39:50,903 [ERROR] ConditionMgr:805 - Attr not supported : Dmpu
2024-10-17 18:39:50,903 [ERROR] ConditionMgr:805 - Attr not supported : Dmpu
2024-10-17 18:39:50,903 [ERROR] ConditionMgr:805 - Attr not supported : Dmpu
2024-10-17 18:39:50,904 [ERROR] ConditionMgr:805 - Attr not supported : Dmpu
2024-10-17 18:39:50,904 [ERROR] ConditionMgr:805 - Attr not supported : Dmpu
2024-10-17 18:39:50,904 [ERROR] ConditionMgr:805 - Attr not supported : Dmpu
2024-10-17 18:39:50,904 [ERROR] ConditionMgr:805 - Attr not supported : Dmpu
2024-10-17 18:39:50,904 [ERROR] ConditionMgr:805 - Attr not supported : Dmpu
2024-10-17 18:39:50,904 [ERROR] ConditionMgr:805 - Attr not supported : Dmpu
2024-10-17 18:39:50,904 [ERROR] ConditionMgr:805 - Attr not supported : Dmpu
2024-10-17 18:39:50,904 [ERROR] ConditionMgr:805 - Attr not supported : Dmpu
2024-10-17 18:39:50,904 [ERROR] ConditionMgr:805 - Attr not supported : Dmpu
2024-10-17 18:39:50,908 [ERROR] ConditionMgr:805 - Attr not supported : Dmpu
2024-10-17 18:39:50,908 [ERROR] ConditionMgr:805 - Attr not supported : Dmpu
2024-10-17 18:39:50,909 [ERROR] ConditionMgr:805 - Attr not supported : Dmpu
2024-10-17 18:39:50,909 [ERROR] ConditionMgr:805 - Attr not supported : Dmpu
2024-10-17 18:39:50,909 [ERROR] ConditionMgr:805 - Attr not supported : Dmpu
2024-10-17 18:39:50,909 [ERROR] ConditionMgr:805 - Attr not supported : Dmpu
2024-10-17 18:39:50,909 [ERROR] ConditionMgr:805 - Attr not supported : Dmpu
2024-10-17 18:39:50,910 [ERROR] ConditionMgr:805 - Attr not supported : Dmpu
2024-10-17 18:39:50,910 [ERROR] ConditionMgr:805 - Attr not supported : Dmpu
2024-10-17 18:39:50,910 [ERROR] ConditionMgr:805 - Attr not supported : Dmpu
2024-10-17 18:39:50,910 [ERROR] ConditionMgr:805 - Attr not supported : Dmpu
2024-10-17 18:39:50,910 [ERROR] ConditionMgr:805 - Attr not supported : Dmpu
2024-10-17 18:39:50,910 [ERROR] ConditionMgr:805 - Attr not supported : Dmpu
2024-10-17 18:39:50,910 [ERROR] ConditionMgr:805 - Attr not supported : Dmpu
2024-10-17 18:39:50,910 [ERROR] ConditionMgr:805 - Attr not supported : Dmpu
2024-10-17 18:39:50,910 [ERROR] ConditionMgr:805 - Attr not supported : Dmpu
2024-10-17 18:39:50,910 [ERROR] ConditionMgr:805 - Attr not supported : Dmpu
2024-10-17 18:39:50,910 [ERROR] ConditionMgr:805 - Attr not supported : Dmpu
2024-10-17 18:39:50,910 [ERROR] ConditionMgr:805 - Attr not supported : Dmpu
2024-10-17 18:39:50,911 [ERROR] ConditionMgr:805 - Attr not supported : Dmpu
2024-10-17 18:39:50,911 [ERROR] ConditionMgr:805 - Attr not supported : Dmpu
2024-10-17 18:39:50,911 [ERROR] ConditionMgr:805 - Attr not supported : Dmpu
2024-10-17 18:39:50,911 [ERROR] ConditionMgr:805 - Attr not supported : Dmpu
2024-10-17 18:39:50,911 [ERROR] ConditionMgr:805 - Attr not supported : Dmpu
2024-10-17 18:39:50,911 [ERROR] ConditionMgr:805 - Attr not supported : Dmpu
2024-10-17 18:39:50,911 [ERROR] ConditionMgr:805 - Attr not supported : Dmpu
2024-10-17 18:39:50,916 [WARN] PackLoader:240 - Cannot read IP mode file for RealThread.X-CUBE-RT-Thread_Nano.4.1.1
2024-10-17 18:39:50,920 [WARN] PackLoader:240 - Cannot read IP mode file for STMicroelectronics.FP-ATR-SIGFOX1.3.2.0
2024-10-17 18:39:50,927 [WARN] PackLoader:240 - Cannot read IP mode file for wolfSSL.I-CUBE-wolfSSL.5.7.2
2024-10-17 18:39:50,933 [WARN] PackLoader:240 - Cannot read IP mode file for STMicroelectronics.X-CUBE-EEPRMA1.5.1.0
2024-10-17 18:39:50,941 [WARN] PackLoader:240 - Cannot read IP mode file for ITTIA_DB.I-CUBE-ITTIADB.8.9.0
2024-10-17 18:39:51,000 [WARN] PackLoader:240 - Cannot read IP mode file for SEGGER.I-CUBE-embOS.1.3.1
2024-10-17 18:39:51,061 [WARN] PackLoader:240 - Cannot read IP mode file for STMicroelectronics.X-CUBE-ALGOBUILD.1.4.0
2024-10-17 18:39:51,067 [WARN] PackLoader:240 - Cannot read IP mode file for STMicroelectronics.X-CUBE-AI.9.1.0
2024-10-17 18:39:51,086 [WARN] PackLoader:240 - Cannot read IP mode file for STMicroelectronics.X-CUBE-AZRTOS-F4.1.1.0
2024-10-17 18:39:51,095 [WARN] PackLoader:240 - Cannot read IP mode file for STMicroelectronics.X-CUBE-ISPU.2.1.0
2024-10-17 18:39:51,104 [WARN] PackLoader:240 - Cannot read IP mode file for STMicroelectronics.X-CUBE-FREERTOS.1.2.0
2024-10-17 18:39:51,128 [WARN] PackLoader:240 - Cannot read IP mode file for STMicroelectronics.X-CUBE-AZRTOS-L5.2.0.0
2024-10-17 18:39:51,143 [WARN] PackLoader:240 - Cannot read IP mode file for STMicroelectronics.X-CUBE-NFC6.3.1.0
2024-10-17 18:39:51,152 [WARN] PackLoader:240 - Cannot read IP mode file for STMicroelectronics.X-CUBE-DPower.1.2.0
2024-10-17 18:39:51,156 [WARN] PackLoader:240 - Cannot read IP mode file for STMicroelectronics.X-CUBE-AI.9.0.0
2024-10-17 18:39:51,163 [WARN] PackLoader:240 - Cannot read IP mode file for STMicroelectronics.X-CUBE-NFC7.1.0.1
2024-10-17 18:39:51,197 [WARN] ConditionMgr:438 - getConditionDescription Invalid condition id : LAN8742 Phy interface Condition cause : null
2024-10-17 18:39:51,198 [WARN] PackLoader:240 - Cannot read IP mode file for STMicroelectronics.X-CUBE-AZRTOS-L4.2.0.0
2024-10-17 18:39:51,202 [WARN] ConditionMgr:1039 - genDependencies : Invalid condition id : LAN8742 Phy interface Condition cause : null
2024-10-17 18:39:51,203 [WARN] ConditionMgr:1039 - genDependencies : Invalid condition id : LAN8742 Phy interface Condition cause : null
2024-10-17 18:39:51,204 [WARN] ConditionMgr:1039 - genDependencies : Invalid condition id : LAN8742 Phy interface Condition cause : null
2024-10-17 18:39:51,216 [WARN] PackLoader:240 - Cannot read IP mode file for STMicroelectronics.X-CUBE-SFXS2LP1.4.0.0
2024-10-17 18:39:51,243 [WARN] PackLoader:240 - Cannot read IP mode file for STMicroelectronics.X-CUBE-AZRTOS-H7.3.3.0
2024-10-17 18:39:51,259 [WARN] PackLoader:240 - Cannot read IP mode file for STMicroelectronics.X-CUBE-IPS.3.0.0
2024-10-17 18:39:51,279 [WARN] ConditionMgr:438 - getConditionDescription Invalid condition id : UX DEVICE CLASS RTOS Condition cause : null
2024-10-17 18:39:51,279 [WARN] ConditionMgr:438 - getConditionDescription Invalid condition id : UX DEVICE CLASS RTOS Condition cause : null
2024-10-17 18:39:51,283 [WARN] PackLoader:240 - Cannot read IP mode file for STMicroelectronics.X-CUBE-AZRTOS-WB.2.0.0
2024-10-17 18:39:51,284 [WARN] ConditionMgr:1039 - genDependencies : Invalid condition id : UX DEVICE CLASS RTOS Condition cause : null
2024-10-17 18:39:51,285 [WARN] ConditionMgr:1039 - genDependencies : Invalid condition id : UX DEVICE CLASS RTOS Condition cause : null
2024-10-17 18:39:51,285 [WARN] ConditionMgr:1039 - genDependencies : Invalid condition id : UX DEVICE CLASS RTOS Condition cause : null
2024-10-17 18:39:51,286 [WARN] ConditionMgr:1039 - genDependencies : Invalid condition id : UX DEVICE CLASS RTOS Condition cause : null
2024-10-17 18:39:51,286 [WARN] ConditionMgr:1039 - genDependencies : Invalid condition id : UX DEVICE CLASS RTOS Condition cause : null
2024-10-17 18:39:51,293 [WARN] PackLoader:240 - Cannot read IP mode file for STMicroelectronics.X-CUBE-GNSS1.7.0.0
2024-10-17 18:39:51,303 [WARN] PackLoader:240 - Cannot read IP mode file for STMicroelectronics.FP-SNS-STBOX1.2.0.0
2024-10-17 18:39:51,318 [WARN] PackLoader:240 - Cannot read IP mode file for STMicroelectronics.X-CUBE-SUBG2.5.0.0
2024-10-17 18:39:51,337 [WARN] PackLoader:240 - Cannot read IP mode file for Cesanta.I-CUBE-Mongoose.7.13.0
2024-10-17 18:39:51,353 [WARN] PackLoader:240 - Cannot read IP mode file for STMicroelectronics.X-CUBE-AZRTOS-G4.2.0.0
2024-10-17 18:39:51,363 [WARN] PackLoader:240 - Cannot read IP mode file for STMicroelectronics.X-CUBE-ALS.1.0.2
2024-10-17 18:39:51,368 [WARN] PackLoader:240 - Cannot read IP mode file for STMicroelectronics.X-CUBE-TOUCHGFX.4.24.0
2024-10-17 18:39:51,370 [WARN] PackLoader:240 - Cannot read IP mode file for STMicroelectronics.X-CUBE-TOUCHGFX.4.24.1
2024-10-17 18:39:51,381 [WARN] PackLoader:240 - Cannot read IP mode file for wolfSSL.I-CUBE-wolfTPM.3.4.0
2024-10-17 18:39:51,388 [WARN] PackLoader:240 - Cannot read IP mode file for portGmbH.I-Cube-SoM-uGOAL.1.1.0
2024-10-17 18:39:51,415 [WARN] PackLoader:240 - Cannot read IP mode file for STMicroelectronics.X-CUBE-AZRTOS-H7RS.1.0.0
2024-10-17 18:39:51,460 [WARN] PackLoader:240 - Cannot read IP mode file for STMicroelectronics.FP-ATR-ASTRA1.2.0.0
2024-10-17 18:39:51,477 [WARN] PackLoader:240 - Cannot read IP mode file for STMicroelectronics.X-CUBE-TOF1.3.4.2
2024-10-17 18:39:51,543 [WARN] PackLoader:240 - Cannot read IP mode file for Infineon.AIROC-Wi-Fi-Bluetooth-STM32.1.6.1
2024-10-17 18:39:51,564 [WARN] PackLoader:240 - Cannot read IP mode file for wolfSSL.I-CUBE-wolfSSH.1.4.17
2024-10-17 18:39:51,571 [INFO] ThirdParty:978 - Integrity check success = true
2024-10-17 18:39:51,571 [INFO] IntegrityCheckThread:100 - exiting critical section [integrity check]
2024-10-17 18:39:51,571 [INFO] IntegrityCheckThread:103 - End integrity checks thread
2024-10-17 18:39:54,301 [INFO] WebApp:167 - Instantiating new browser for Auth
2024-10-17 18:39:56,254 [INFO] WebApp:448 - Apply proxy settings
2024-10-17 18:39:56,266 [INFO] WebApp:493 - Chromium authenticates against Manually configured proxy
2024-10-17 18:39:56,294 [INFO] WebApp:501 - Username used for proxy authentication: 
2024-10-17 18:39:56,381 [INFO] WebApp:869 - Register for checkConnection events
2024-10-17 18:39:56,381 [INFO] WebApp:448 - Apply proxy settings
2024-10-17 18:39:56,384 [INFO] WebApp:493 - Chromium authenticates against Manually configured proxy
2024-10-17 18:39:56,384 [INFO] WebApp:501 - Username used for proxy authentication: 
2024-10-17 18:39:56,597 [INFO] WebApp:220 - Starting web application
2024-10-17 18:39:56,598 [INFO] WebApp:578 - Web application path used /Applications/STM32CubeIDE.app/Contents/Eclipse/plugins/com.st.stm32cube.common.mx_6.12.1.202409122256/db/plugins/mcufinder/reactClient1/index.html
2024-10-17 18:39:57,213 [INFO] WebApp:186 - Connection restablished
2024-10-17 18:39:57,294 [INFO] UserAuth:417 - Internet connection configuration mode: 1
