2024-10-18 00:03:25,292 [INFO] MainUpdater:2873 - connection check result : 10
2024-10-18 00:03:25,316 [INFO] MainUpdater:2873 - connection check result : 10
2024-10-18 00:03:25,801 [INFO] MicroXplorer:468 - Change Database Path : 
2024-10-18 00:03:25,802 [INFO] MicroXplorer:498 - Change Database Version : DB.6.0.121
2024-10-18 00:03:25,869 [ERROR] ProjectManagerView:394 - 
java.lang.NullPointerException: Cannot invoke "javax.swing.JTextField.getText()" because the return value of "java.util.List.get(int)" is null
	at com.st.microxplorer.plugins.projectmanager.gui.ProjectChoiceTab$10.caretUpdate(ProjectChoiceTab.java:2622) ~[filemanager.jar:?]
	at javax.swing.text.JTextComponent.fireCaretUpdate(JTextComponent.java:412) ~[?:?]
	at javax.swing.text.JTextComponent$MutableCaretEvent.fire(JTextComponent.java:4491) ~[?:?]
	at javax.swing.text.JTextComponent$MutableCaretEvent.stateChanged(JTextComponent.java:4513) ~[?:?]
	at javax.swing.text.DefaultCaret.fireStateChanged(DefaultCaret.java:842) ~[?:?]
	at javax.swing.text.DefaultCaret.changeCaretPosition(DefaultCaret.java:1313) ~[?:?]
	at javax.swing.text.DefaultCaret.handleSetDot(DefaultCaret.java:1212) ~[?:?]
	at javax.swing.text.DefaultCaret.setDot(DefaultCaret.java:1193) ~[?:?]
	at javax.swing.text.DefaultCaret$Handler.insertUpdate(DefaultCaret.java:1789) ~[?:?]
	at javax.swing.text.AbstractDocument.fireInsertUpdate(AbstractDocument.java:226) ~[?:?]
	at javax.swing.text.AbstractDocument.handleInsertString(AbstractDocument.java:780) ~[?:?]
	at javax.swing.text.AbstractDocument.insertString(AbstractDocument.java:739) ~[?:?]
	at javax.swing.text.PlainDocument.insertString(PlainDocument.java:131) ~[?:?]
	at javax.swing.text.AbstractDocument.replace(AbstractDocument.java:698) ~[?:?]
	at javax.swing.text.JTextComponent.setText(JTextComponent.java:1729) ~[?:?]
	at com.st.microxplorer.plugins.projectmanager.gui.ProjectChoiceTab.createHeapStackFields(ProjectChoiceTab.java:972) ~[filemanager.jar:?]
	at com.st.microxplorer.plugins.projectmanager.gui.ProjectChoiceTab.buildLinkSettingsPanel(ProjectChoiceTab.java:3597) ~[filemanager.jar:?]
	at com.st.microxplorer.plugins.projectmanager.gui.ProjectChoiceTab.defineWindowsFields(ProjectChoiceTab.java:1940) ~[filemanager.jar:?]
	at com.st.microxplorer.plugins.projectmanager.gui.ProjectChoiceTab.updateSettings(ProjectChoiceTab.java:550) ~[filemanager.jar:?]
	at com.st.microxplorer.plugins.projectmanager.gui.ProjectSettingsPanel.UpdateDialog(ProjectSettingsPanel.java:245) ~[filemanager.jar:?]
	at com.st.microxplorer.plugins.projectmanager.ProjectManagerView.propertyChange(ProjectManagerView.java:391) ~[filemanager.jar:?]
	at java.beans.PropertyChangeSupport.fire(PropertyChangeSupport.java:343) ~[?:?]
	at java.beans.PropertyChangeSupport.firePropertyChange(PropertyChangeSupport.java:335) ~[?:?]
	at java.beans.PropertyChangeSupport.firePropertyChange(PropertyChangeSupport.java:268) ~[?:?]
	at com.st.microxplorer.util.MXPropertyChangeSupport.firePropertyChange(MXPropertyChangeSupport.java:54) ~[STM32CubeMX.jar:?]
	at com.st.microxplorer.mxsystem.MxSystem.closeConfig(MxSystem.java:900) ~[STM32CubeMX.jar:?]
	at com.st.microxplorer.maingui.MainPanel.closeConfig(MainPanel.java:781) ~[STM32CubeMX.jar:?]
	at com.st.microxplorer.plugins.filemanager.engine.OpenFileManager.loadConfigurationFile(OpenFileManager.java:265) ~[filemanager.jar:?]
	at com.st.microxplorer.plugins.filemanager.engine.MainFileManager.userLoadConfig(MainFileManager.java:352) ~[filemanager.jar:?]
	at com.st.microxplorer.plugins.filemanager.engine.MainFileManager.userLoadConfig(MainFileManager.java:330) ~[filemanager.jar:?]
	at com.st.microxplorer.plugins.filemanager.FileManagerView.getSpecificTask(FileManagerView.java:246) ~[filemanager.jar:?]
	at com.st.stm32cube.common.mx.editor.CubeMxEditor.getMxTabbedPaneInstance(CubeMxEditor.java:1198) ~[com.st.stm32cube.common.mx_6.12.1.202409122256/:?]
	at com.st.stm32cube.common.mx.editor.CubeMxEditor$12$1.createSwingComponent(CubeMxEditor.java:1068) ~[com.st.stm32cube.common.mx_6.12.1.202409122256/:?]
	at com.st.stm32cube.common.mx.oss.core.awtswtbridge.EmbeddedSwingComposite.doComponentCreation(EmbeddedSwingComposite.java:492) ~[com.st.stm32cube.common.mx.oss_6.12.1.202409122256/:?]
	at com.st.stm32cube.common.mx.oss.core.awtswtbridge.EmbeddedSwingComposite$4.run(EmbeddedSwingComposite.java:291) ~[com.st.stm32cube.common.mx.oss_6.12.1.202409122256/:?]
	at com.st.stm32cube.common.mx.oss.core.awtswtbridge.AwtEnvironment$2.run(AwtEnvironment.java:166) ~[com.st.stm32cube.common.mx.oss_6.12.1.202409122256/:?]
	at java.awt.event.InvocationEvent.dispatch(InvocationEvent.java:318) ~[?:?]
	at java.awt.EventQueue.dispatchEventImpl(EventQueue.java:773) ~[?:?]
	at java.awt.EventQueue$4.run(EventQueue.java:720) ~[?:?]
	at java.awt.EventQueue$4.run(EventQueue.java:714) ~[?:?]
	at java.security.AccessController.doPrivileged(AccessController.java:399) ~[?:?]
	at java.security.ProtectionDomain$JavaSecurityAccessImpl.doIntersectionPrivilege(ProtectionDomain.java:86) ~[?:?]
	at java.awt.EventQueue.dispatchEvent(EventQueue.java:742) ~[?:?]
	at java.awt.EventDispatchThread.pumpOneEventForFilters(EventDispatchThread.java:203) ~[?:?]
	at java.awt.EventDispatchThread.pumpEventsForFilter(EventDispatchThread.java:124) ~[?:?]
	at java.awt.EventDispatchThread.pumpEventsForHierarchy(EventDispatchThread.java:113) ~[?:?]
	at java.awt.EventDispatchThread.pumpEvents(EventDispatchThread.java:109) ~[?:?]
	at java.awt.EventDispatchThread.pumpEvents(EventDispatchThread.java:101) ~[?:?]
	at java.awt.EventDispatchThread.run(EventDispatchThread.java:90) ~[?:?]
2024-10-18 00:03:25,871 [WARN] ThirdParty:871 - waiting for thirdparty lock release [close project]
2024-10-18 00:03:25,871 [INFO] ThirdParty:873 - entering critical section [close project]
2024-10-18 00:03:25,871 [INFO] ThirdParty:883 - exiting critical section [close project]
2024-10-18 00:03:25,876 [INFO] PinOutPanel:1561 - setPackage(No Configuration,No Configuration)
2024-10-18 00:03:25,890 [INFO] UtilMem:75 - Begin LoadConfig() Used Memory: 505135424 Bytes (1073741824)
2024-10-18 00:03:25,891 [INFO] MicroXplorer:468 - Change Database Path : 
2024-10-18 00:03:25,891 [INFO] MicroXplorer:498 - Change Database Version : DB.6.0.121
2024-10-18 00:03:25,891 [INFO] OpenFileManager:332 - Change cursor
2024-10-18 00:03:25,915 [INFO] RulesReader:64 - Compatibility file has been processed (297 Rules)
2024-10-18 00:03:25,920 [INFO] Mcu:2032 - Initializing MCU STM32L476R(C-E-G)Tx STM32L476RGTx STM32L476RGT6
2024-10-18 00:03:27,479 [INFO] Context:742 - Trying to add GPIOservice into a context  which must be forbidden
2024-10-18 00:03:28,155 [INFO] RtosManager:555 - Registered RTOS mode: class=CMSIS, group=RTOS, mode=CMSIS_V1, owner=FREERTOS
2024-10-18 00:03:28,159 [INFO] RtosManager:555 - Registered RTOS mode: class=CMSIS, group=RTOS2, mode=CMSIS_V2, owner=FREERTOS
2024-10-18 00:03:28,159 [INFO] RtosManager:555 - Registered RTOS mode: class=RTOS, group=Core, mode=CMSIS_V1, owner=FREERTOS
2024-10-18 00:03:28,159 [INFO] RtosManager:555 - Registered RTOS mode: class=RTOS, group=Core, mode=CMSIS_V2, owner=FREERTOS
2024-10-18 00:03:28,160 [WARN] ModelIntegratedComponent:184 - Missing modes for component STMicroelectronics:FreeRTOS:0.0.1:STMicroelectronics:RTOS:FreeRTOS:Core:::10.2.0:
2024-10-18 00:03:28,163 [WARN] ModelIntegratedComponent:63 - No mode defined for component null
2024-10-18 00:03:28,163 [WARN] ModelIntegratedComponent:63 - No mode defined for component null
2024-10-18 00:03:28,163 [WARN] ModelIntegratedComponent:63 - No mode defined for component null
2024-10-18 00:03:28,163 [WARN] ModelIntegratedComponent:63 - No mode defined for component null
2024-10-18 00:03:28,163 [WARN] ModelIntegratedComponent:63 - No mode defined for component null
2024-10-18 00:03:28,163 [WARN] ModelIntegratedComponent:63 - No mode defined for component null
2024-10-18 00:03:28,163 [WARN] ModelIntegratedComponent:63 - No mode defined for component null
2024-10-18 00:03:28,163 [WARN] ModelIntegratedComponent:63 - No mode defined for component null
2024-10-18 00:03:28,164 [WARN] ModelIntegratedComponent:63 - No mode defined for component null
2024-10-18 00:03:28,164 [WARN] ModelIntegratedComponent:63 - No mode defined for component null
2024-10-18 00:03:28,164 [WARN] ModelIntegratedComponent:63 - No mode defined for component null
2024-10-18 00:03:28,164 [WARN] ModelIntegratedComponent:63 - No mode defined for component null
2024-10-18 00:03:28,164 [WARN] ModelIntegratedComponent:63 - No mode defined for component null
2024-10-18 00:03:28,164 [WARN] ModelIntegratedComponent:63 - No mode defined for component null
2024-10-18 00:03:28,164 [WARN] ModelIntegratedComponent:63 - No mode defined for component null
2024-10-18 00:03:28,164 [WARN] ModelIntegratedComponent:63 - No mode defined for component null
2024-10-18 00:03:28,164 [WARN] ModelIntegratedComponent:63 - No mode defined for component null
2024-10-18 00:03:28,164 [WARN] ModelIntegratedComponent:63 - No mode defined for component null
2024-10-18 00:03:28,164 [WARN] ModelIntegratedComponent:63 - No mode defined for component null
2024-10-18 00:03:28,164 [WARN] ModelIntegratedComponent:63 - No mode defined for component null
2024-10-18 00:03:28,164 [WARN] ModelIntegratedComponent:63 - No mode defined for component null
2024-10-18 00:03:28,164 [WARN] ModelIntegratedComponent:63 - No mode defined for component null
2024-10-18 00:03:28,164 [WARN] ModelIntegratedComponent:63 - No mode defined for component null
2024-10-18 00:03:28,164 [WARN] ModelIntegratedComponent:63 - No mode defined for component null
2024-10-18 00:03:28,164 [WARN] ModelIntegratedComponent:63 - No mode defined for component null
2024-10-18 00:03:28,164 [WARN] ModelIntegratedComponent:63 - No mode defined for component null
2024-10-18 00:03:28,164 [WARN] ModelIntegratedComponent:63 - No mode defined for component null
2024-10-18 00:03:28,164 [WARN] ModelIntegratedComponent:63 - No mode defined for component null
2024-10-18 00:03:28,164 [WARN] ModelIntegratedComponent:63 - No mode defined for component null
2024-10-18 00:03:28,164 [WARN] ModelIntegratedComponent:63 - No mode defined for component null
2024-10-18 00:03:28,164 [WARN] ModelIntegratedComponent:63 - No mode defined for component null
2024-10-18 00:03:28,164 [WARN] ModelIntegratedComponent:63 - No mode defined for component null
2024-10-18 00:03:28,164 [WARN] ModelIntegratedComponent:63 - No mode defined for component null
2024-10-18 00:03:28,164 [WARN] ModelIntegratedComponent:63 - No mode defined for component null
2024-10-18 00:03:28,164 [WARN] ModelIntegratedComponent:63 - No mode defined for component null
2024-10-18 00:03:28,164 [WARN] ModelPack:524 - Component already loaded: STMicroelectronics:HAL Drivers:0.0.0:STMicroelectronics:Device:STMicro_Driver:XSPI:HAL::0.0.1:HAL_XSPI
2024-10-18 00:03:28,177 [INFO] ThirdPartyModel:298 - Start build external matchings
2024-10-18 00:03:28,499 [INFO] ThirdPartyModel:316 - End build external matchings
2024-10-18 00:03:28,522 [INFO] ImportTextPane:205 - (OptionalMessage_ERROR) IP (RCC) : Invalid parameter (FamilyName)
2024-10-18 00:03:28,733 [INFO] UtilMem:75 - End LoadConfig() Used Memory: 800080720 Bytes (1073741824)
2024-10-18 00:03:28,863 [WARN] ThirdParty:833 - waiting for thirdparty lock release [change project]
2024-10-18 00:03:28,866 [INFO] ThirdParty:835 - entering critical section [change project]
2024-10-18 00:03:28,866 [INFO] ThirdParty:1030 - CMSIS Pack Vendor :STMicroelectronics USBPD 4.1
2024-10-18 00:03:28,866 [INFO] ThirdParty:1030 - CMSIS Pack Vendor :STMicroelectronics X-CUBE-AZRTOS-H7 3.3.0
2024-10-18 00:03:28,866 [INFO] ThirdParty:1030 - CMSIS Pack Vendor :STMicroelectronics X-CUBE-NFC9 1.0.0
2024-10-18 00:03:28,866 [INFO] ThirdParty:1030 - CMSIS Pack Vendor :STMicroelectronics USB_HOST 2.0.0
2024-10-18 00:03:28,866 [INFO] ThirdParty:1030 - CMSIS Pack Vendor :STMicroelectronics FP-SNS-MOTENVWB1 1.4.0
2024-10-18 00:03:28,866 [INFO] ThirdParty:1030 - CMSIS Pack Vendor :STMicroelectronics X-CUBE-AZRTOS-F4 1.1.0
2024-10-18 00:03:28,866 [INFO] ThirdParty:1030 - CMSIS Pack Vendor :STMicroelectronics LIBJPEG 8.0.0
2024-10-18 00:03:28,867 [INFO] ThirdParty:1030 - CMSIS Pack Vendor :STMicroelectronics X-CUBE-SMBUS 2.1.0
2024-10-18 00:03:28,867 [INFO] ThirdParty:1030 - CMSIS Pack Vendor :STMicroelectronics X-CUBE-WB05N 1.1.0
2024-10-18 00:03:28,867 [INFO] ThirdParty:1030 - CMSIS Pack Vendor :STMicroelectronics USB_DEVICE 3.0.0
2024-10-18 00:03:28,867 [INFO] ThirdParty:1030 - CMSIS Pack Vendor :STMicroelectronics X-CUBE-TCPP 4.1.0
2024-10-18 00:03:28,867 [INFO] ThirdParty:1030 - CMSIS Pack Vendor :STMicroelectronics X-CUBE-ISPU 2.1.0
2024-10-18 00:03:28,867 [INFO] ThirdParty:1030 - CMSIS Pack Vendor :STMicroelectronics X-CUBE-FREERTOS 1.2.0
2024-10-18 00:03:28,867 [INFO] ThirdParty:1030 - CMSIS Pack Vendor :STMicroelectronics X-CUBE-IPS 3.0.0
2024-10-18 00:03:28,867 [INFO] ThirdParty:1030 - CMSIS Pack Vendor :STMicroelectronics X-CUBE-AZRTOS-WB 2.0.0
2024-10-18 00:03:28,867 [INFO] ThirdParty:1030 - CMSIS Pack Vendor :STMicroelectronics X-CUBE-GNSS1 7.0.0
2024-10-18 00:03:28,867 [INFO] ThirdParty:1030 - CMSIS Pack Vendor :STMicroelectronics X-CUBE-AZRTOS-F7 1.1.0
2024-10-18 00:03:28,867 [INFO] ThirdParty:1030 - CMSIS Pack Vendor :STMicroelectronics X-CUBE-AZRTOS-L5 2.0.0
2024-10-18 00:03:28,867 [INFO] ThirdParty:1030 - CMSIS Pack Vendor :STMicroelectronics USB_DEVICE 2.0.0
2024-10-18 00:03:28,867 [INFO] ThirdParty:1030 - CMSIS Pack Vendor :STMicroelectronics X-CUBE-NFC6 3.1.0
2024-10-18 00:03:28,867 [INFO] ThirdParty:1030 - CMSIS Pack Vendor :STMicroelectronics FP-SNS-STBOX1 2.0.0
2024-10-18 00:03:28,867 [INFO] ThirdParty:1030 - CMSIS Pack Vendor :STMicroelectronics X-CUBE-MEMS1 11.0.0
2024-10-18 00:03:28,867 [INFO] ThirdParty:1030 - CMSIS Pack Vendor :STMicroelectronics FreeRTOS 0.0.1
2024-10-18 00:03:28,867 [INFO] ThirdParty:1030 - CMSIS Pack Vendor :STMicroelectronics X-CUBE-AZRTOS-G0 1.1.0
2024-10-18 00:03:28,867 [INFO] ThirdParty:1030 - CMSIS Pack Vendor :STMicroelectronics X-CUBE-SAFEA1 1.2.2
2024-10-18 00:03:28,867 [INFO] ThirdParty:1030 - CMSIS Pack Vendor :STMicroelectronics X-CUBE-NFC4 3.0.0
2024-10-18 00:03:28,867 [INFO] ThirdParty:1030 - CMSIS Pack Vendor :STMicroelectronics X-CUBE-DPower 1.2.0
2024-10-18 00:03:28,867 [INFO] ThirdParty:1030 - CMSIS Pack Vendor :STMicroelectronics X-CUBE-SUBG2 5.0.0
2024-10-18 00:03:28,867 [INFO] ThirdParty:1030 - CMSIS Pack Vendor :STMicroelectronics STM32_WPAN 1.0.0
2024-10-18 00:03:28,867 [INFO] ThirdParty:1030 - CMSIS Pack Vendor :EmbeddedOffice I-CUBE-FS-RTOS 1.0.1
2024-10-18 00:03:28,867 [INFO] ThirdParty:1030 - CMSIS Pack Vendor :STMicroelectronics lwIP 2.0.3
2024-10-18 00:03:28,867 [INFO] ThirdParty:1030 - CMSIS Pack Vendor :STMicroelectronics FP-SNS-FLIGHT1 5.0.2
2024-10-18 00:03:28,867 [INFO] ThirdParty:1030 - CMSIS Pack Vendor :Cesanta I-CUBE-Mongoose 7.13.0
2024-10-18 00:03:28,867 [INFO] ThirdParty:1030 - CMSIS Pack Vendor :STMicroelectronics USB_HOST 1.0.0
2024-10-18 00:03:28,867 [INFO] ThirdParty:1030 - CMSIS Pack Vendor :STMicroelectronics X-CUBE-AI 9.0.0
2024-10-18 00:03:28,867 [INFO] ThirdParty:1030 - CMSIS Pack Vendor :STMicroelectronics X-CUBE-AZRTOS-G4 2.0.0
2024-10-18 00:03:28,867 [INFO] ThirdParty:1030 - CMSIS Pack Vendor :STMicroelectronics PDM2PCM 3.1.0
2024-10-18 00:03:28,867 [INFO] ThirdParty:1030 - CMSIS Pack Vendor :STMicroelectronics PDM2PCM 3.3.0
2024-10-18 00:03:28,867 [INFO] ThirdParty:1030 - CMSIS Pack Vendor :STMicroelectronics X-CUBE-DISPLAY 3.0.0
2024-10-18 00:03:28,867 [INFO] ThirdParty:1030 - CMSIS Pack Vendor :RealThread X-CUBE-RT-Thread_Nano 4.1.1
2024-10-18 00:03:28,867 [INFO] ThirdParty:1030 - CMSIS Pack Vendor :STMicroelectronics X-CUBE-BLE1 7.0.0
2024-10-18 00:03:28,867 [INFO] ThirdParty:1030 - CMSIS Pack Vendor :STMicroelectronics FP-ATR-SIGFOX1 3.2.0
2024-10-18 00:03:28,867 [INFO] ThirdParty:1030 - CMSIS Pack Vendor :STMicroelectronics X-CUBE-NFC10 1.0.0
2024-10-18 00:03:28,867 [INFO] ThirdParty:1030 - CMSIS Pack Vendor :wolfSSL I-CUBE-wolfSSL 5.7.2
2024-10-18 00:03:28,867 [INFO] ThirdParty:1030 - CMSIS Pack Vendor :STMicroelectronics X-CUBE-EEPRMA1 5.1.0
2024-10-18 00:03:28,867 [INFO] ThirdParty:1030 - CMSIS Pack Vendor :STMicroelectronics HAL Drivers 0.0.0
2024-10-18 00:03:28,867 [INFO] ThirdParty:1030 - CMSIS Pack Vendor :STMicroelectronics MBEDTLS 2.16.2
2024-10-18 00:03:28,867 [INFO] ThirdParty:1030 - CMSIS Pack Vendor :STMicroelectronics X-CUBE-ALS 1.0.2
2024-10-18 00:03:28,867 [INFO] ThirdParty:1030 - CMSIS Pack Vendor :emotas I-CUBE-CANOPEN 1.3.0
2024-10-18 00:03:28,867 [INFO] ThirdParty:1030 - CMSIS Pack Vendor :STMicroelectronics X-CUBE-NFC7 1.0.1
2024-10-18 00:03:28,867 [INFO] ThirdParty:1030 - CMSIS Pack Vendor :STMicroelectronics MBEDTLS 2.14.1
2024-10-18 00:03:28,867 [INFO] ThirdParty:1030 - CMSIS Pack Vendor :STMicroelectronics X-CUBE-TOUCHGFX 4.24.0
2024-10-18 00:03:28,867 [INFO] ThirdParty:1030 - CMSIS Pack Vendor :ITTIA_DB I-CUBE-ITTIADB 8.9.0
2024-10-18 00:03:28,867 [INFO] ThirdParty:1030 - CMSIS Pack Vendor :STMicroelectronics X-CUBE-TOUCHGFX 4.24.1
2024-10-18 00:03:28,867 [INFO] ThirdParty:1030 - CMSIS Pack Vendor :wolfSSL I-CUBE-wolfTPM 3.4.0
2024-10-18 00:03:28,867 [INFO] ThirdParty:1030 - CMSIS Pack Vendor :portGmbH I-Cube-SoM-uGOAL 1.1.0
2024-10-18 00:03:28,867 [INFO] ThirdParty:1030 - CMSIS Pack Vendor :STMicroelectronics X-CUBE-BLEMGR 3.1.0
2024-10-18 00:03:28,867 [INFO] ThirdParty:1030 - CMSIS Pack Vendor :STMicroelectronics ThreadX 1.0.0
2024-10-18 00:03:28,867 [INFO] ThirdParty:1030 - CMSIS Pack Vendor :STMicroelectronics FP-SNS-SMARTAG2 1.2.0
2024-10-18 00:03:28,867 [INFO] ThirdParty:1030 - CMSIS Pack Vendor :STMicroelectronics X-CUBE-AZRTOS-WL 2.0.0
2024-10-18 00:03:28,867 [INFO] ThirdParty:1030 - CMSIS Pack Vendor :SEGGER I-CUBE-embOS 1.3.1
2024-10-18 00:03:28,867 [INFO] ThirdParty:1030 - CMSIS Pack Vendor :STMicroelectronics X-CUBE-ALGOBUILD 1.4.0
2024-10-18 00:03:28,867 [INFO] ThirdParty:1030 - CMSIS Pack Vendor :STMicroelectronics FP-SNS-MOTENV1 5.0.0
2024-10-18 00:03:28,868 [INFO] ThirdParty:1030 - CMSIS Pack Vendor :STMicroelectronics USB_DEVICE 1.0.0
2024-10-18 00:03:28,868 [INFO] ThirdParty:1030 - CMSIS Pack Vendor :STMicroelectronics X-CUBE-AZRTOS-H7RS 1.0.0
2024-10-18 00:03:28,868 [INFO] ThirdParty:1030 - CMSIS Pack Vendor :wolfSSL I-CUBE-wolfMQTT 1.19.0
2024-10-18 00:03:28,868 [INFO] ThirdParty:1030 - CMSIS Pack Vendor :STMicroelectronics X-CUBE-AZRTOS-L4 2.0.0
2024-10-18 00:03:28,868 [INFO] ThirdParty:1030 - CMSIS Pack Vendor :STMicroelectronics ThreadX 0.0.2
2024-10-18 00:03:28,868 [INFO] ThirdParty:1030 - CMSIS Pack Vendor :WES I-CUBE-Cesium 1.3.0
2024-10-18 00:03:28,868 [INFO] ThirdParty:1030 - CMSIS Pack Vendor :STMicroelectronics FP-ATR-ASTRA1 2.0.0
2024-10-18 00:03:28,868 [INFO] ThirdParty:1030 - CMSIS Pack Vendor :STMicroelectronics lwIP 2.1.2
2024-10-18 00:03:28,868 [INFO] ThirdParty:1030 - CMSIS Pack Vendor :STMicroelectronics X-CUBE-SFXS2LP1 4.0.0
2024-10-18 00:03:28,868 [INFO] ThirdParty:1030 - CMSIS Pack Vendor :STMicroelectronics X-CUBE-BLE2 3.3.0
2024-10-18 00:03:28,868 [INFO] ThirdParty:1030 - CMSIS Pack Vendor :STMicroelectronics X-CUBE-TOF1 3.4.2
2024-10-18 00:03:28,868 [INFO] ThirdParty:1030 - CMSIS Pack Vendor :STMicroelectronics X-CUBE-AI 9.1.0
2024-10-18 00:03:28,868 [INFO] ThirdParty:1030 - CMSIS Pack Vendor :Infineon AIROC-Wi-Fi-Bluetooth-STM32 1.6.1
2024-10-18 00:03:28,868 [INFO] ThirdParty:1030 - CMSIS Pack Vendor :STMicroelectronics PDM2PCM 3.2.0
2024-10-18 00:03:28,868 [INFO] ThirdParty:1030 - CMSIS Pack Vendor :wolfSSL I-CUBE-wolfSSH 1.4.17
2024-10-18 00:03:28,868 [INFO] ThirdParty:841 - exiting critical section [change project]
2024-10-18 00:03:29,191 [INFO] PinOutPanel:1561 - setPackage(No Configuration,No Configuration)
2024-10-18 00:03:29,193 [INFO] PinOutPanel:1561 - setPackage(STM32L476RGTx,LQFP64)
2024-10-18 00:03:29,625 [INFO] UtilMem:75 - Before build in PCC Used Memory: 442757432 Bytes (1073741824)
2024-10-18 00:03:29,886 [INFO] UtilMem:75 - After build in PCC Used Memory: 520884552 Bytes (1073741824)
2024-10-18 00:03:29,903 [INFO] ApiDbMcu:508 - Load IP Config File for USB_DEVICE
2024-10-18 00:03:29,933 [INFO] IPUIPlugin:80 - create IPUIPlugin
2024-10-18 00:03:29,933 [INFO] IPUIPlugin:80 - create IPUIPlugin
2024-10-18 00:03:29,933 [INFO] IPUIPlugin:80 - create IPUIPlugin
2024-10-18 00:03:29,933 [INFO] IPUIPlugin:80 - create IPUIPlugin
2024-10-18 00:03:29,933 [INFO] IPUIPlugin:80 - create IPUIPlugin
2024-10-18 00:03:29,934 [INFO] IPUIPlugin:80 - create IPUIPlugin
2024-10-18 00:03:29,934 [INFO] IPUIPlugin:80 - create IPUIPlugin
2024-10-18 00:03:29,934 [INFO] IPUIPlugin:80 - create IPUIPlugin
2024-10-18 00:03:29,934 [INFO] IPUIPlugin:80 - create IPUIPlugin
2024-10-18 00:03:29,934 [INFO] IPUIPlugin:80 - create IPUIPlugin
2024-10-18 00:03:29,934 [INFO] IPUIPlugin:80 - create IPUIPlugin
2024-10-18 00:03:29,934 [INFO] IPUIPlugin:80 - create IPUIPlugin
2024-10-18 00:03:29,934 [INFO] IPUIPlugin:80 - create IPUIPlugin
2024-10-18 00:03:29,935 [INFO] IPUIPlugin:80 - create IPUIPlugin
2024-10-18 00:03:29,935 [INFO] IPUIPlugin:80 - create IPUIPlugin
2024-10-18 00:03:29,935 [INFO] IPUIPlugin:80 - create IPUIPlugin
2024-10-18 00:03:29,936 [INFO] IPUIPlugin:80 - create IPUIPlugin
2024-10-18 00:03:29,936 [INFO] IPUIPlugin:80 - create IPUIPlugin
2024-10-18 00:03:29,936 [INFO] IPUIPlugin:80 - create IPUIPlugin
2024-10-18 00:03:29,936 [INFO] IPUIPlugin:80 - create IPUIPlugin
2024-10-18 00:03:29,937 [INFO] IPUIPlugin:80 - create IPUIPlugin
2024-10-18 00:03:29,937 [INFO] IPUIPlugin:80 - create IPUIPlugin
2024-10-18 00:03:29,937 [INFO] IPUIPlugin:80 - create IPUIPlugin
2024-10-18 00:03:29,937 [INFO] IPUIPlugin:80 - create IPUIPlugin
2024-10-18 00:03:29,937 [INFO] IPUIPlugin:80 - create IPUIPlugin
2024-10-18 00:03:29,937 [INFO] IPUIPlugin:80 - create IPUIPlugin
2024-10-18 00:03:29,937 [INFO] IPUIPlugin:80 - create IPUIPlugin
2024-10-18 00:03:29,937 [INFO] IPUIPlugin:80 - create IPUIPlugin
2024-10-18 00:03:29,938 [INFO] IPUIPlugin:80 - create IPUIPlugin
2024-10-18 00:03:29,938 [INFO] IPUIPlugin:80 - create IPUIPlugin
2024-10-18 00:03:29,938 [INFO] IPUIPlugin:80 - create IPUIPlugin
2024-10-18 00:03:29,938 [INFO] IPUIPlugin:80 - create IPUIPlugin
2024-10-18 00:03:29,938 [INFO] IPUIPlugin:80 - create IPUIPlugin
2024-10-18 00:03:29,938 [INFO] IPUIPlugin:80 - create IPUIPlugin
2024-10-18 00:03:29,938 [INFO] IPUIPlugin:80 - create IPUIPlugin
2024-10-18 00:03:29,938 [INFO] IPUIPlugin:80 - create IPUIPlugin
2024-10-18 00:03:29,938 [INFO] IPUIPlugin:80 - create IPUIPlugin
2024-10-18 00:03:29,939 [INFO] IPUIPlugin:80 - create IPUIPlugin
2024-10-18 00:03:29,939 [INFO] IPUIPlugin:80 - create IPUIPlugin
2024-10-18 00:03:29,939 [INFO] IPUIPlugin:80 - create IPUIPlugin
2024-10-18 00:03:29,939 [INFO] IPUIPlugin:80 - create IPUIPlugin
2024-10-18 00:03:29,939 [INFO] IPUIPlugin:80 - create IPUIPlugin
2024-10-18 00:03:29,939 [INFO] IPUIPlugin:80 - create IPUIPlugin
2024-10-18 00:03:29,939 [INFO] IPUIPlugin:80 - create IPUIPlugin
2024-10-18 00:03:29,939 [INFO] IPUIPlugin:80 - create IPUIPlugin
2024-10-18 00:03:29,939 [INFO] IPUIPlugin:80 - create IPUIPlugin
2024-10-18 00:03:29,939 [INFO] IPUIPlugin:80 - create IPUIPlugin
2024-10-18 00:03:29,939 [INFO] IPUIPlugin:80 - create IPUIPlugin
2024-10-18 00:03:29,939 [INFO] IPUIPlugin:80 - create IPUIPlugin
2024-10-18 00:03:29,939 [INFO] IPUIPlugin:80 - create IPUIPlugin
2024-10-18 00:03:29,940 [INFO] IPUIPlugin:80 - create IPUIPlugin
2024-10-18 00:03:29,940 [INFO] IPUIPlugin:80 - create IPUIPlugin
2024-10-18 00:03:29,940 [INFO] IPUIPlugin:80 - create IPUIPlugin
2024-10-18 00:03:29,941 [INFO] IPUIPlugin:80 - create IPUIPlugin
2024-10-18 00:03:29,942 [INFO] IPUIPlugin:80 - create IPUIPlugin
2024-10-18 00:03:29,942 [INFO] IPUIPlugin:80 - create IPUIPlugin
2024-10-18 00:03:29,942 [INFO] IPUIPlugin:80 - create IPUIPlugin
2024-10-18 00:03:29,943 [INFO] IPUIPlugin:80 - create IPUIPlugin
2024-10-18 00:03:29,943 [INFO] IPUIPlugin:80 - create IPUIPlugin
2024-10-18 00:03:30,019 [INFO] CADModel:165 - CPN selected for project levelSTM32L476RGT6
2024-10-18 00:03:30,020 [INFO] CADModel:114 - Register for checkConnection events
2024-10-18 00:03:30,071 [INFO] OpenFileManager:363 - Restore cursor
2024-10-18 00:06:31,161 [INFO] NvicIntPanel:101 - NVIC parent = com.st.microxplorer.plugins.ip.nvic.MultiNvicIntPanel[,0,0,0x0,invalid,layout=javax.swing.BoxLayout,alignmentX=0.0,alignmentY=0.0,border=,flags=9,maximumSize=,minimumSize=,preferredSize=]
2024-10-18 00:06:36,954 [INFO] UtilMem:75 - End SaveConfig() Used Memory: 440390360 Bytes (1073741824)
2024-10-18 00:06:38,347 [INFO] UtilMem:75 - End SaveConfig() Used Memory: 604490456 Bytes (1073741824)
2024-10-18 00:06:39,053 [INFO] UtilMem:75 - End SaveConfig() Used Memory: 643814104 Bytes (1073741824)
2024-10-18 00:06:39,304 [INFO] BlockDiagram:2766 - set Specific Code input for plugin: SPI
2024-10-18 00:06:39,305 [INFO] BlockDiagram:2766 - set Specific Code input for plugin: USB_DEVICE
2024-10-18 00:06:39,305 [INFO] BlockDiagram:2766 - set Specific Code input for plugin: SYS
2024-10-18 00:06:39,305 [INFO] BlockDiagram:2766 - set Specific Code input for plugin: RCC
2024-10-18 00:06:39,305 [INFO] BlockDiagram:2766 - set Specific Code input for plugin: USB_OTG_FS
2024-10-18 00:06:39,305 [INFO] BlockDiagram:2766 - set Specific Code input for plugin: NVIC
2024-10-18 00:06:39,305 [INFO] BlockDiagram:2766 - set Specific Code input for plugin: USART
2024-10-18 00:06:39,305 [INFO] BlockDiagram:2766 - set Specific Code input for plugin: GPIO
2024-10-18 00:06:39,306 [INFO] CodeGenerator:807 - code generatio: config db path: /Applications/STM32CubeIDE.app/Contents/Eclipse/plugins/com.st.stm32cube.common.mx_6.12.1.202409122256//db/
2024-10-18 00:06:39,766 [INFO] CodeEngine:255 - oldGeneratedFile, /Users/habiburrahman/Documents/Projects/Kingfisher/Firmware/workspace/kingfisher_v1RevA/MXTmpFiles/license.tmp_save
2024-10-18 00:06:39,891 [INFO] CodeEngine:279 - Generated code: /Users/habiburrahman/Documents/Projects/Kingfisher/Firmware/workspace/kingfisher_v1RevA/MXTmpFiles/license.tmp
2024-10-18 00:06:39,968 [INFO] CodeEngine:255 - oldGeneratedFile, /Users/habiburrahman/Documents/Projects/Kingfisher/Firmware/workspace/kingfisher_v1RevA/MXTmpFiles/gpio.tmp_save
2024-10-18 00:06:40,036 [INFO] CodeEngine:279 - Generated code: /Users/habiburrahman/Documents/Projects/Kingfisher/Firmware/workspace/kingfisher_v1RevA/MXTmpFiles/gpio.tmp
2024-10-18 00:06:40,136 [WARN] IPConfigManager:3005 - Warning: the RefConfig PWREx_EnableUSBVoltageDetector is not available in your config.xml file
2024-10-18 00:06:40,148 [INFO] CodeEngine:255 - oldGeneratedFile, /Users/habiburrahman/Documents/Projects/Kingfisher/Firmware/workspace/kingfisher_v1RevA/MXTmpFiles/usb_otg_fs_vars.tmp_save
2024-10-18 00:06:40,206 [INFO] CodeEngine:279 - Generated code: /Users/habiburrahman/Documents/Projects/Kingfisher/Firmware/workspace/kingfisher_v1RevA/MXTmpFiles/usb_otg_fs_vars.tmp
2024-10-18 00:06:40,207 [INFO] CodeEngine:255 - oldGeneratedFile, /Users/habiburrahman/Documents/Projects/Kingfisher/Firmware/workspace/kingfisher_v1RevA/MXTmpFiles/usb_otg_fs_inc.tmp_save
2024-10-18 00:06:40,255 [INFO] CodeEngine:279 - Generated code: /Users/habiburrahman/Documents/Projects/Kingfisher/Firmware/workspace/kingfisher_v1RevA/MXTmpFiles/usb_otg_fs_inc.tmp
2024-10-18 00:06:40,256 [INFO] CodeEngine:255 - oldGeneratedFile, /Users/habiburrahman/Documents/Projects/Kingfisher/Firmware/workspace/kingfisher_v1RevA/MXTmpFiles/usb_otg_fs_HalInit.tmp_save
2024-10-18 00:06:40,318 [INFO] CodeEngine:279 - Generated code: /Users/habiburrahman/Documents/Projects/Kingfisher/Firmware/workspace/kingfisher_v1RevA/MXTmpFiles/usb_otg_fs_HalInit.tmp
2024-10-18 00:06:40,319 [INFO] CodeEngine:255 - oldGeneratedFile, /Users/habiburrahman/Documents/Projects/Kingfisher/Firmware/workspace/kingfisher_v1RevA/MXTmpFiles/usb_otg_fs_Msp.tmp_save
2024-10-18 00:06:40,387 [INFO] CodeEngine:279 - Generated code: /Users/habiburrahman/Documents/Projects/Kingfisher/Firmware/workspace/kingfisher_v1RevA/MXTmpFiles/usb_otg_fs_Msp.tmp
2024-10-18 00:06:40,674 [INFO] Middleware:1439 - No code input for Bsp Dependency
2024-10-18 00:06:40,691 [INFO] Middleware:1439 - No code input for Bsp Dependency
2024-10-18 00:06:40,697 [INFO] CodeEngine:255 - oldGeneratedFile, /Users/habiburrahman/Documents/Projects/Kingfisher/Firmware/workspace/kingfisher_v1RevA/USB_DEVICE/App/usb_device.c_save
2024-10-18 00:06:40,768 [INFO] CodeEngine:279 - Generated code: /Users/habiburrahman/Documents/Projects/Kingfisher/Firmware/workspace/kingfisher_v1RevA/USB_DEVICE/App/usb_device.c
2024-10-18 00:06:40,769 [INFO] CodeEngine:255 - oldGeneratedFile, /Users/habiburrahman/Documents/Projects/Kingfisher/Firmware/workspace/kingfisher_v1RevA/USB_DEVICE/App/usb_device.h_save
2024-10-18 00:06:40,821 [INFO] CodeEngine:279 - Generated code: /Users/habiburrahman/Documents/Projects/Kingfisher/Firmware/workspace/kingfisher_v1RevA/USB_DEVICE/App/usb_device.h
2024-10-18 00:06:40,822 [INFO] CodeEngine:255 - oldGeneratedFile, /Users/habiburrahman/Documents/Projects/Kingfisher/Firmware/workspace/kingfisher_v1RevA/USB_DEVICE/Target/usbd_conf.h_save
2024-10-18 00:06:40,876 [INFO] CodeEngine:279 - Generated code: /Users/habiburrahman/Documents/Projects/Kingfisher/Firmware/workspace/kingfisher_v1RevA/USB_DEVICE/Target/usbd_conf.h
2024-10-18 00:06:40,878 [INFO] CodeEngine:255 - oldGeneratedFile, /Users/habiburrahman/Documents/Projects/Kingfisher/Firmware/workspace/kingfisher_v1RevA/USB_DEVICE/Target/usbd_conf.c_save
2024-10-18 00:06:40,962 [INFO] CodeEngine:279 - Generated code: /Users/habiburrahman/Documents/Projects/Kingfisher/Firmware/workspace/kingfisher_v1RevA/USB_DEVICE/Target/usbd_conf.c
2024-10-18 00:06:40,964 [INFO] CodeEngine:255 - oldGeneratedFile, /Users/habiburrahman/Documents/Projects/Kingfisher/Firmware/workspace/kingfisher_v1RevA/USB_DEVICE/App/usbd_desc.h_save
2024-10-18 00:06:41,021 [INFO] CodeEngine:279 - Generated code: /Users/habiburrahman/Documents/Projects/Kingfisher/Firmware/workspace/kingfisher_v1RevA/USB_DEVICE/App/usbd_desc.h
2024-10-18 00:06:41,022 [INFO] CodeEngine:255 - oldGeneratedFile, /Users/habiburrahman/Documents/Projects/Kingfisher/Firmware/workspace/kingfisher_v1RevA/USB_DEVICE/App/usbd_desc.c_save
2024-10-18 00:06:41,080 [INFO] CodeEngine:279 - Generated code: /Users/habiburrahman/Documents/Projects/Kingfisher/Firmware/workspace/kingfisher_v1RevA/USB_DEVICE/App/usbd_desc.c
2024-10-18 00:06:41,081 [INFO] CodeEngine:255 - oldGeneratedFile, /Users/habiburrahman/Documents/Projects/Kingfisher/Firmware/workspace/kingfisher_v1RevA/USB_DEVICE/App/usbd_cdc_if.h_save
2024-10-18 00:06:41,138 [INFO] CodeEngine:279 - Generated code: /Users/habiburrahman/Documents/Projects/Kingfisher/Firmware/workspace/kingfisher_v1RevA/USB_DEVICE/App/usbd_cdc_if.h
2024-10-18 00:06:41,140 [INFO] CodeEngine:255 - oldGeneratedFile, /Users/habiburrahman/Documents/Projects/Kingfisher/Firmware/workspace/kingfisher_v1RevA/USB_DEVICE/App/usbd_cdc_if.c_save
2024-10-18 00:06:41,194 [INFO] CodeEngine:279 - Generated code: /Users/habiburrahman/Documents/Projects/Kingfisher/Firmware/workspace/kingfisher_v1RevA/USB_DEVICE/App/usbd_cdc_if.c
2024-10-18 00:06:41,200 [INFO] CodeEngine:255 - oldGeneratedFile, /Users/habiburrahman/Documents/Projects/Kingfisher/Firmware/workspace/kingfisher_v1RevA/Core/Src/stm32l4xx_it.c_save
2024-10-18 00:06:41,370 [INFO] CodeEngine:279 - Generated code: /Users/habiburrahman/Documents/Projects/Kingfisher/Firmware/workspace/kingfisher_v1RevA/Core/Src/stm32l4xx_it.c
2024-10-18 00:06:41,372 [INFO] CodeEngine:255 - oldGeneratedFile, /Users/habiburrahman/Documents/Projects/Kingfisher/Firmware/workspace/kingfisher_v1RevA/Core/Inc/stm32l4xx_it.h_save
2024-10-18 00:06:41,420 [INFO] CodeEngine:279 - Generated code: /Users/habiburrahman/Documents/Projects/Kingfisher/Firmware/workspace/kingfisher_v1RevA/Core/Inc/stm32l4xx_it.h
2024-10-18 00:06:41,442 [INFO] CodeEngine:255 - oldGeneratedFile, /Users/habiburrahman/Documents/Projects/Kingfisher/Firmware/workspace/kingfisher_v1RevA/Core/Src/stm32l4xx_hal_msp.c_save
2024-10-18 00:06:41,512 [INFO] CodeEngine:279 - Generated code: /Users/habiburrahman/Documents/Projects/Kingfisher/Firmware/workspace/kingfisher_v1RevA/Core/Src/stm32l4xx_hal_msp.c
2024-10-18 00:06:41,513 [INFO] CodeEngine:255 - oldGeneratedFile, /Users/habiburrahman/Documents/Projects/Kingfisher/Firmware/workspace/kingfisher_v1RevA/MXTmpFiles/system.tmp_save
2024-10-18 00:06:41,562 [INFO] CodeEngine:279 - Generated code: /Users/habiburrahman/Documents/Projects/Kingfisher/Firmware/workspace/kingfisher_v1RevA/MXTmpFiles/system.tmp
2024-10-18 00:06:41,566 [INFO] CodeEngine:311 - oldGeneratedFile, /Users/habiburrahman/Documents/Projects/Kingfisher/Firmware/workspace/kingfisher_v1RevA/Core/Inc/stm32l4xx_hal_conf.h_save
2024-10-18 00:06:41,621 [INFO] CodeEngine:335 - Generated code: /Users/habiburrahman/Documents/Projects/Kingfisher/Firmware/workspace/kingfisher_v1RevA/Core/Inc/stm32l4xx_hal_conf.h
2024-10-18 00:06:41,665 [INFO] CodeEngine:255 - oldGeneratedFile, /Users/habiburrahman/Documents/Projects/Kingfisher/Firmware/workspace/kingfisher_v1RevA/Core/Inc/main.h_save
2024-10-18 00:06:41,717 [INFO] CodeEngine:279 - Generated code: /Users/habiburrahman/Documents/Projects/Kingfisher/Firmware/workspace/kingfisher_v1RevA/Core/Inc/main.h
2024-10-18 00:06:41,719 [INFO] CodeEngine:255 - oldGeneratedFile, /Users/habiburrahman/Documents/Projects/Kingfisher/Firmware/workspace/kingfisher_v1RevA/Core/Src/main.c_save
2024-10-18 00:06:41,804 [INFO] CodeEngine:279 - Generated code: /Users/habiburrahman/Documents/Projects/Kingfisher/Firmware/workspace/kingfisher_v1RevA/Core/Src/main.c
2024-10-18 00:06:42,196 [INFO] ProjectBuilder:3249 - Time for Copy HAL[1] : 89mS.
2024-10-18 00:06:42,207 [INFO] ProjectBuilder:4828 - Project Generator version: 4.5.0-B34
2024-10-18 00:06:42,313 [INFO] ConfigFileManager:1531 - The Die is : DIE415
2024-10-18 00:06:42,323 [INFO] ApiDbMcu:508 - Load IP Config File for FATFS
2024-10-18 00:06:42,329 [INFO] ApiDbMcu:508 - Load IP Config File for FREERTOS
2024-10-18 00:06:42,336 [INFO] ApiDbMcu:508 - Load IP Config File for TOUCHSENSING
2024-10-18 00:06:42,340 [INFO] ApiDbMcu:508 - Load IP Config File for USB_HOST
2024-10-18 00:06:43,302 [INFO] ProjectBuilder:5097 - Time for Generating toolchain IDE Files: 1095mS.
2024-10-18 00:06:43,303 [INFO] ProjectBuilder:3107 - Time for Copy CMSIS : 1mS.
2024-10-18 00:06:43,304 [INFO] ProjectBuilder:3107 - Time for Copy CMSIS : 0mS.
2024-10-18 22:19:17,312 [INFO] WebApp:189 - Connection lost
2024-10-18 22:19:32,652 [INFO] WebApp:186 - Connection restablished
2024-10-18 22:23:52,193 [INFO] WebApp:189 - Connection lost
