2024-09-12 02:30:57,341 [INFO] UtilMem:75 - End SaveConfig() Used Memory: 260512984 Bytes (849346560)
2024-09-12 02:31:00,128 [INFO] UtilMem:75 - End SaveConfig() Used Memory: 284980376 Bytes (849346560)
2024-09-12 02:31:05,317 [INFO] UtilMem:75 - End SaveConfig() Used Memory: 447509656 Bytes (849346560)
2024-09-12 02:31:05,875 [INFO] BlockDiagram:2766 - set Specific Code input for plugin: SPI
2024-09-12 02:31:05,877 [INFO] BlockDiagram:2766 - set Specific Code input for plugin: USB_DEVICE
2024-09-12 02:31:05,877 [INFO] BlockDiagram:2766 - set Specific Code input for plugin: SYS
2024-09-12 02:31:05,877 [INFO] BlockDiagram:2766 - set Specific Code input for plugin: RCC
2024-09-12 02:31:05,877 [INFO] BlockDiagram:2766 - set Specific Code input for plugin: USB_OTG_FS
2024-09-12 02:31:05,877 [INFO] BlockDiagram:2766 - set Specific Code input for plugin: NVIC
2024-09-12 02:31:05,877 [INFO] BlockDiagram:2766 - set Specific Code input for plugin: USART
2024-09-12 02:31:05,881 [INFO] BlockDiagram:2766 - set Specific Code input for plugin: GPIO
2024-09-12 02:31:05,884 [INFO] CodeGenerator:807 - code generatio: config db path: /Applications/STMicroelectronics/STM32CubeIDE.app/Contents/Eclipse/plugins/com.st.stm32cube.common.mx_6.12.0.202406281431//db/
2024-09-12 02:31:06,183 [INFO] CodeEngine:255 - oldGeneratedFile, /Users/habiburrahman/Documents/Projects/Kingfisher/Firmware/workspace/Kingfisher/MXTmpFiles/license.tmp_save
2024-09-12 02:31:06,489 [INFO] CodeEngine:279 - Generated code: /Users/habiburrahman/Documents/Projects/Kingfisher/Firmware/workspace/Kingfisher/MXTmpFiles/license.tmp
2024-09-12 02:31:06,710 [INFO] CodeEngine:255 - oldGeneratedFile, /Users/habiburrahman/Documents/Projects/Kingfisher/Firmware/workspace/Kingfisher/MXTmpFiles/gpio.tmp_save
2024-09-12 02:31:06,924 [INFO] CodeEngine:279 - Generated code: /Users/habiburrahman/Documents/Projects/Kingfisher/Firmware/workspace/Kingfisher/MXTmpFiles/gpio.tmp
2024-09-12 02:31:07,194 [WARN] IPConfigManager:3005 - Warning: the RefConfig PWREx_EnableUSBVoltageDetector is not available in your config.xml file
2024-09-12 02:31:07,231 [INFO] CodeEngine:255 - oldGeneratedFile, /Users/habiburrahman/Documents/Projects/Kingfisher/Firmware/workspace/Kingfisher/MXTmpFiles/usb_otg_fs_vars.tmp_save
2024-09-12 02:31:07,416 [INFO] CodeEngine:279 - Generated code: /Users/habiburrahman/Documents/Projects/Kingfisher/Firmware/workspace/Kingfisher/MXTmpFiles/usb_otg_fs_vars.tmp
2024-09-12 02:31:07,424 [INFO] CodeEngine:255 - oldGeneratedFile, /Users/habiburrahman/Documents/Projects/Kingfisher/Firmware/workspace/Kingfisher/MXTmpFiles/usb_otg_fs_inc.tmp_save
2024-09-12 02:31:07,506 [INFO] CodeEngine:279 - Generated code: /Users/habiburrahman/Documents/Projects/Kingfisher/Firmware/workspace/Kingfisher/MXTmpFiles/usb_otg_fs_inc.tmp
2024-09-12 02:31:07,531 [INFO] CodeEngine:255 - oldGeneratedFile, /Users/habiburrahman/Documents/Projects/Kingfisher/Firmware/workspace/Kingfisher/MXTmpFiles/usb_otg_fs_HalInit.tmp_save
2024-09-12 02:31:07,668 [INFO] CodeEngine:279 - Generated code: /Users/habiburrahman/Documents/Projects/Kingfisher/Firmware/workspace/Kingfisher/MXTmpFiles/usb_otg_fs_HalInit.tmp
2024-09-12 02:31:07,707 [INFO] CodeEngine:255 - oldGeneratedFile, /Users/habiburrahman/Documents/Projects/Kingfisher/Firmware/workspace/Kingfisher/MXTmpFiles/usb_otg_fs_Msp.tmp_save
2024-09-12 02:31:07,944 [INFO] CodeEngine:279 - Generated code: /Users/habiburrahman/Documents/Projects/Kingfisher/Firmware/workspace/Kingfisher/MXTmpFiles/usb_otg_fs_Msp.tmp
2024-09-12 02:31:08,848 [INFO] Middleware:1439 - No code input for Bsp Dependency
2024-09-12 02:31:08,872 [INFO] Middleware:1439 - No code input for Bsp Dependency
2024-09-12 02:31:08,903 [INFO] CodeEngine:255 - oldGeneratedFile, /Users/habiburrahman/Documents/Projects/Kingfisher/Firmware/workspace/Kingfisher/USB_DEVICE/App/usb_device.c_save
2024-09-12 02:31:09,093 [INFO] CodeEngine:279 - Generated code: /Users/habiburrahman/Documents/Projects/Kingfisher/Firmware/workspace/Kingfisher/USB_DEVICE/App/usb_device.c
2024-09-12 02:31:09,106 [INFO] CodeEngine:255 - oldGeneratedFile, /Users/habiburrahman/Documents/Projects/Kingfisher/Firmware/workspace/Kingfisher/USB_DEVICE/App/usb_device.h_save
2024-09-12 02:31:09,198 [INFO] CodeEngine:279 - Generated code: /Users/habiburrahman/Documents/Projects/Kingfisher/Firmware/workspace/Kingfisher/USB_DEVICE/App/usb_device.h
2024-09-12 02:31:09,209 [INFO] CodeEngine:255 - oldGeneratedFile, /Users/habiburrahman/Documents/Projects/Kingfisher/Firmware/workspace/Kingfisher/USB_DEVICE/Target/usbd_conf.h_save
2024-09-12 02:31:09,315 [INFO] CodeEngine:279 - Generated code: /Users/habiburrahman/Documents/Projects/Kingfisher/Firmware/workspace/Kingfisher/USB_DEVICE/Target/usbd_conf.h
2024-09-12 02:31:09,324 [INFO] CodeEngine:255 - oldGeneratedFile, /Users/habiburrahman/Documents/Projects/Kingfisher/Firmware/workspace/Kingfisher/USB_DEVICE/Target/usbd_conf.c_save
2024-09-12 02:31:09,432 [INFO] CodeEngine:279 - Generated code: /Users/habiburrahman/Documents/Projects/Kingfisher/Firmware/workspace/Kingfisher/USB_DEVICE/Target/usbd_conf.c
2024-09-12 02:31:09,444 [INFO] CodeEngine:255 - oldGeneratedFile, /Users/habiburrahman/Documents/Projects/Kingfisher/Firmware/workspace/Kingfisher/USB_DEVICE/App/usbd_desc.h_save
2024-09-12 02:31:09,510 [INFO] CodeEngine:279 - Generated code: /Users/habiburrahman/Documents/Projects/Kingfisher/Firmware/workspace/Kingfisher/USB_DEVICE/App/usbd_desc.h
2024-09-12 02:31:09,517 [INFO] CodeEngine:255 - oldGeneratedFile, /Users/habiburrahman/Documents/Projects/Kingfisher/Firmware/workspace/Kingfisher/USB_DEVICE/App/usbd_desc.c_save
2024-09-12 02:31:09,587 [INFO] CodeEngine:279 - Generated code: /Users/habiburrahman/Documents/Projects/Kingfisher/Firmware/workspace/Kingfisher/USB_DEVICE/App/usbd_desc.c
2024-09-12 02:31:09,596 [INFO] CodeEngine:255 - oldGeneratedFile, /Users/habiburrahman/Documents/Projects/Kingfisher/Firmware/workspace/Kingfisher/USB_DEVICE/App/usbd_cdc_if.h_save
2024-09-12 02:31:09,669 [INFO] CodeEngine:279 - Generated code: /Users/habiburrahman/Documents/Projects/Kingfisher/Firmware/workspace/Kingfisher/USB_DEVICE/App/usbd_cdc_if.h
2024-09-12 02:31:09,674 [INFO] CodeEngine:255 - oldGeneratedFile, /Users/habiburrahman/Documents/Projects/Kingfisher/Firmware/workspace/Kingfisher/USB_DEVICE/App/usbd_cdc_if.c_save
2024-09-12 02:31:09,767 [INFO] CodeEngine:279 - Generated code: /Users/habiburrahman/Documents/Projects/Kingfisher/Firmware/workspace/Kingfisher/USB_DEVICE/App/usbd_cdc_if.c
2024-09-12 02:31:09,796 [INFO] CodeEngine:255 - oldGeneratedFile, /Users/habiburrahman/Documents/Projects/Kingfisher/Firmware/workspace/Kingfisher/Core/Src/stm32l4xx_it.c_save
2024-09-12 02:31:10,061 [INFO] CodeEngine:279 - Generated code: /Users/habiburrahman/Documents/Projects/Kingfisher/Firmware/workspace/Kingfisher/Core/Src/stm32l4xx_it.c
2024-09-12 02:31:10,073 [INFO] CodeEngine:255 - oldGeneratedFile, /Users/habiburrahman/Documents/Projects/Kingfisher/Firmware/workspace/Kingfisher/Core/Inc/stm32l4xx_it.h_save
2024-09-12 02:31:10,173 [INFO] CodeEngine:279 - Generated code: /Users/habiburrahman/Documents/Projects/Kingfisher/Firmware/workspace/Kingfisher/Core/Inc/stm32l4xx_it.h
2024-09-12 02:31:10,223 [INFO] CodeEngine:255 - oldGeneratedFile, /Users/habiburrahman/Documents/Projects/Kingfisher/Firmware/workspace/Kingfisher/Core/Src/stm32l4xx_hal_msp.c_save
2024-09-12 02:31:10,406 [INFO] CodeEngine:279 - Generated code: /Users/habiburrahman/Documents/Projects/Kingfisher/Firmware/workspace/Kingfisher/Core/Src/stm32l4xx_hal_msp.c
2024-09-12 02:31:10,418 [INFO] CodeEngine:255 - oldGeneratedFile, /Users/habiburrahman/Documents/Projects/Kingfisher/Firmware/workspace/Kingfisher/MXTmpFiles/system.tmp_save
2024-09-12 02:31:10,499 [INFO] CodeEngine:279 - Generated code: /Users/habiburrahman/Documents/Projects/Kingfisher/Firmware/workspace/Kingfisher/MXTmpFiles/system.tmp
2024-09-12 02:31:10,520 [INFO] CodeEngine:311 - oldGeneratedFile, /Users/habiburrahman/Documents/Projects/Kingfisher/Firmware/workspace/Kingfisher/Core/Inc/stm32l4xx_hal_conf.h_save
2024-09-12 02:31:10,621 [INFO] CodeEngine:335 - Generated code: /Users/habiburrahman/Documents/Projects/Kingfisher/Firmware/workspace/Kingfisher/Core/Inc/stm32l4xx_hal_conf.h
2024-09-12 02:31:10,760 [INFO] CodeEngine:255 - oldGeneratedFile, /Users/habiburrahman/Documents/Projects/Kingfisher/Firmware/workspace/Kingfisher/Core/Inc/main.h_save
2024-09-12 02:31:10,853 [INFO] CodeEngine:279 - Generated code: /Users/habiburrahman/Documents/Projects/Kingfisher/Firmware/workspace/Kingfisher/Core/Inc/main.h
2024-09-12 02:31:10,862 [INFO] CodeEngine:255 - oldGeneratedFile, /Users/habiburrahman/Documents/Projects/Kingfisher/Firmware/workspace/Kingfisher/Core/Src/main.c_save
2024-09-12 02:31:11,001 [INFO] CodeEngine:279 - Generated code: /Users/habiburrahman/Documents/Projects/Kingfisher/Firmware/workspace/Kingfisher/Core/Src/main.c
2024-09-12 02:31:11,890 [INFO] ProjectBuilder:3249 - Time for Copy HAL[1] : 645mS.
2024-09-12 02:31:11,903 [INFO] ProjectBuilder:4828 - Project Generator version: 4.4.0-B60
2024-09-12 02:31:12,055 [INFO] ConfigFileManager:1531 - The Die is : DIE415
2024-09-12 02:31:15,123 [INFO] ProjectBuilder:5097 - Time for Generating toolchain IDE Files: 3211mS.
2024-09-12 02:31:15,131 [INFO] ProjectBuilder:3107 - Time for Copy CMSIS : 3mS.
2024-09-12 02:31:15,137 [INFO] ProjectBuilder:3107 - Time for Copy CMSIS : 0mS.
